2021-07-30 20:17:33,340 ERROR Internal Server Error: / /home/ishadow/python-projects/Django-projects/venv/lib/python3.8/site-packages/django/utils/log.py (<class 'django.template.exceptions.TemplateSyntaxError'>, TemplateSyntaxError("Invalid block tag on line 61: 'get_available_languages', expected 'endcache'. Did you forget to register or load this tag?"), <traceback object at 0x7f721c92f1c0>)
Traceback (most recent call last):
  File "/home/ishadow/python-projects/Django-projects/venv/lib/python3.8/site-packages/django/template/base.py", line 470, in parse
    compile_func = self.tags[command]
KeyError: 'get_available_languages'

During handling of the above exception, another exception occurred:

Traceback (most recent call last):
  File "/home/ishadow/python-projects/Django-projects/venv/lib/python3.8/site-packages/django/core/handlers/exception.py", line 47, in inner
    response = get_response(request)
  File "/home/ishadow/python-projects/Django-projects/venv/lib/python3.8/site-packages/django/core/handlers/base.py", line 204, in _get_response
    response = response.render()
  File "/home/ishadow/python-projects/Django-projects/venv/lib/python3.8/site-packages/django/template/response.py", line 105, in render
    self.content = self.rendered_content
  File "/home/ishadow/python-projects/Django-projects/venv/lib/python3.8/site-packages/django/template/response.py", line 83, in rendered_content
    return template.render(context, self._request)
  File "/home/ishadow/python-projects/Django-projects/venv/lib/python3.8/site-packages/django/template/backends/django.py", line 61, in render
    return self.template.render(context)
  File "/home/ishadow/python-projects/Django-projects/venv/lib/python3.8/site-packages/django/template/base.py", line 170, in render
    return self._render(context)
  File "/home/ishadow/python-projects/Django-projects/venv/lib/python3.8/site-packages/django/template/base.py", line 162, in _render
    return self.nodelist.render(context)
  File "/home/ishadow/python-projects/Django-projects/venv/lib/python3.8/site-packages/django/template/base.py", line 938, in render
    bit = node.render_annotated(context)
  File "/home/ishadow/python-projects/Django-projects/venv/lib/python3.8/site-packages/django/template/base.py", line 905, in render_annotated
    return self.render(context)
  File "/home/ishadow/python-projects/Django-projects/venv/lib/python3.8/site-packages/django/template/loader_tags.py", line 127, in render
    compiled_parent = self.get_parent(context)
  File "/home/ishadow/python-projects/Django-projects/venv/lib/python3.8/site-packages/django/template/loader_tags.py", line 124, in get_parent
    return self.find_template(parent, context)
  File "/home/ishadow/python-projects/Django-projects/venv/lib/python3.8/site-packages/django/template/loader_tags.py", line 103, in find_template
    template, origin = context.template.engine.find_template(
  File "/home/ishadow/python-projects/Django-projects/venv/lib/python3.8/site-packages/django/template/engine.py", line 125, in find_template
    template = loader.get_template(name, skip=skip)
  File "/home/ishadow/python-projects/Django-projects/venv/lib/python3.8/site-packages/django/template/loaders/base.py", line 29, in get_template
    return Template(
  File "/home/ishadow/python-projects/Django-projects/venv/lib/python3.8/site-packages/django/template/base.py", line 155, in __init__
    self.nodelist = self.compile_nodelist()
  File "/home/ishadow/python-projects/Django-projects/venv/lib/python3.8/site-packages/django/template/base.py", line 193, in compile_nodelist
    return parser.parse()
  File "/home/ishadow/python-projects/Django-projects/venv/lib/python3.8/site-packages/django/template/base.py", line 478, in parse
    raise self.error(token, e)
  File "/home/ishadow/python-projects/Django-projects/venv/lib/python3.8/site-packages/django/template/base.py", line 476, in parse
    compiled_result = compile_func(self, token)
  File "/home/ishadow/python-projects/Django-projects/venv/lib/python3.8/site-packages/django/templatetags/cache.py", line 78, in do_cache
    nodelist = parser.parse(('endcache',))
  File "/home/ishadow/python-projects/Django-projects/venv/lib/python3.8/site-packages/django/template/base.py", line 472, in parse
    self.invalid_block_tag(token, command, parse_until)
  File "/home/ishadow/python-projects/Django-projects/venv/lib/python3.8/site-packages/django/template/base.py", line 522, in invalid_block_tag
    raise self.error(
django.template.exceptions.TemplateSyntaxError: Invalid block tag on line 61: 'get_available_languages', expected 'endcache'. Did you forget to register or load this tag?
2021-07-30 20:17:33,927 ERROR "GET / HTTP/1.1" 500 177001 /home/ishadow/python-projects/Django-projects/venv/lib/python3.8/site-packages/django/core/servers/basehttp.py None
2021-07-30 20:18:31,789 ERROR Internal Server Error: / /home/ishadow/python-projects/Django-projects/venv/lib/python3.8/site-packages/django/utils/log.py (<class 'django.urls.exceptions.NoReverseMatch'>, NoReverseMatch("Reverse for 'set_language' not found. 'set_language' is not a valid view function or pattern name."), <traceback object at 0x7f7217696780>)
Traceback (most recent call last):
  File "/home/ishadow/python-projects/Django-projects/venv/lib/python3.8/site-packages/django/core/handlers/exception.py", line 47, in inner
    response = get_response(request)
  File "/home/ishadow/python-projects/Django-projects/venv/lib/python3.8/site-packages/django/core/handlers/base.py", line 204, in _get_response
    response = response.render()
  File "/home/ishadow/python-projects/Django-projects/venv/lib/python3.8/site-packages/django/template/response.py", line 105, in render
    self.content = self.rendered_content
  File "/home/ishadow/python-projects/Django-projects/venv/lib/python3.8/site-packages/django/template/response.py", line 83, in rendered_content
    return template.render(context, self._request)
  File "/home/ishadow/python-projects/Django-projects/venv/lib/python3.8/site-packages/django/template/backends/django.py", line 61, in render
    return self.template.render(context)
  File "/home/ishadow/python-projects/Django-projects/venv/lib/python3.8/site-packages/django/template/base.py", line 170, in render
    return self._render(context)
  File "/home/ishadow/python-projects/Django-projects/venv/lib/python3.8/site-packages/django/template/base.py", line 162, in _render
    return self.nodelist.render(context)
  File "/home/ishadow/python-projects/Django-projects/venv/lib/python3.8/site-packages/django/template/base.py", line 938, in render
    bit = node.render_annotated(context)
  File "/home/ishadow/python-projects/Django-projects/venv/lib/python3.8/site-packages/django/template/base.py", line 905, in render_annotated
    return self.render(context)
  File "/home/ishadow/python-projects/Django-projects/venv/lib/python3.8/site-packages/django/template/loader_tags.py", line 150, in render
    return compiled_parent._render(context)
  File "/home/ishadow/python-projects/Django-projects/venv/lib/python3.8/site-packages/django/template/base.py", line 162, in _render
    return self.nodelist.render(context)
  File "/home/ishadow/python-projects/Django-projects/venv/lib/python3.8/site-packages/django/template/base.py", line 938, in render
    bit = node.render_annotated(context)
  File "/home/ishadow/python-projects/Django-projects/venv/lib/python3.8/site-packages/django/template/base.py", line 905, in render_annotated
    return self.render(context)
  File "/home/ishadow/python-projects/Django-projects/venv/lib/python3.8/site-packages/django/templatetags/cache.py", line 47, in render
    value = self.nodelist.render(context)
  File "/home/ishadow/python-projects/Django-projects/venv/lib/python3.8/site-packages/django/template/base.py", line 938, in render
    bit = node.render_annotated(context)
  File "/home/ishadow/python-projects/Django-projects/venv/lib/python3.8/site-packages/django/template/base.py", line 905, in render_annotated
    return self.render(context)
  File "/home/ishadow/python-projects/Django-projects/venv/lib/python3.8/site-packages/django/template/defaulttags.py", line 446, in render
    url = reverse(view_name, args=args, kwargs=kwargs, current_app=current_app)
  File "/home/ishadow/python-projects/Django-projects/venv/lib/python3.8/site-packages/django/urls/base.py", line 86, in reverse
    return resolver._reverse_with_prefix(view, prefix, *args, **kwargs)
  File "/home/ishadow/python-projects/Django-projects/venv/lib/python3.8/site-packages/django/urls/resolvers.py", line 694, in _reverse_with_prefix
    raise NoReverseMatch(msg)
django.urls.exceptions.NoReverseMatch: Reverse for 'set_language' not found. 'set_language' is not a valid view function or pattern name.
2021-07-30 20:18:32,501 ERROR "GET / HTTP/1.1" 500 150523 /home/ishadow/python-projects/Django-projects/venv/lib/python3.8/site-packages/django/core/servers/basehttp.py None
2021-07-30 20:18:36,082 ERROR Internal Server Error: /home/ /home/ishadow/python-projects/Django-projects/venv/lib/python3.8/site-packages/django/utils/log.py (<class 'django.urls.exceptions.NoReverseMatch'>, NoReverseMatch("Reverse for 'set_language' not found. 'set_language' is not a valid view function or pattern name."), <traceback object at 0x7f7217640240>)
Traceback (most recent call last):
  File "/home/ishadow/python-projects/Django-projects/venv/lib/python3.8/site-packages/django/core/handlers/exception.py", line 47, in inner
    response = get_response(request)
  File "/home/ishadow/python-projects/Django-projects/venv/lib/python3.8/site-packages/django/utils/deprecation.py", line 119, in __call__
    response = self.process_response(request, response)
  File "/home/ishadow/python-projects/Django-projects/venv/lib/python3.8/site-packages/django/contrib/flatpages/middleware.py", line 12, in process_response
    return flatpage(request, request.path_info)
  File "/home/ishadow/python-projects/Django-projects/venv/lib/python3.8/site-packages/django/contrib/flatpages/views.py", line 45, in flatpage
    return render_flatpage(request, f)
  File "/home/ishadow/python-projects/Django-projects/venv/lib/python3.8/site-packages/django/utils/decorators.py", line 130, in _wrapped_view
    response = view_func(request, *args, **kwargs)
  File "/home/ishadow/python-projects/Django-projects/venv/lib/python3.8/site-packages/django/contrib/flatpages/views.py", line 69, in render_flatpage
    return HttpResponse(template.render({'flatpage': f}, request))
  File "/home/ishadow/python-projects/Django-projects/venv/lib/python3.8/site-packages/django/template/backends/django.py", line 61, in render
    return self.template.render(context)
  File "/home/ishadow/python-projects/Django-projects/venv/lib/python3.8/site-packages/django/template/base.py", line 170, in render
    return self._render(context)
  File "/home/ishadow/python-projects/Django-projects/venv/lib/python3.8/site-packages/django/template/base.py", line 162, in _render
    return self.nodelist.render(context)
  File "/home/ishadow/python-projects/Django-projects/venv/lib/python3.8/site-packages/django/template/base.py", line 938, in render
    bit = node.render_annotated(context)
  File "/home/ishadow/python-projects/Django-projects/venv/lib/python3.8/site-packages/django/template/base.py", line 905, in render_annotated
    return self.render(context)
  File "/home/ishadow/python-projects/Django-projects/venv/lib/python3.8/site-packages/django/template/loader_tags.py", line 150, in render
    return compiled_parent._render(context)
  File "/home/ishadow/python-projects/Django-projects/venv/lib/python3.8/site-packages/django/template/base.py", line 162, in _render
    return self.nodelist.render(context)
  File "/home/ishadow/python-projects/Django-projects/venv/lib/python3.8/site-packages/django/template/base.py", line 938, in render
    bit = node.render_annotated(context)
  File "/home/ishadow/python-projects/Django-projects/venv/lib/python3.8/site-packages/django/template/base.py", line 905, in render_annotated
    return self.render(context)
  File "/home/ishadow/python-projects/Django-projects/venv/lib/python3.8/site-packages/django/templatetags/cache.py", line 47, in render
    value = self.nodelist.render(context)
  File "/home/ishadow/python-projects/Django-projects/venv/lib/python3.8/site-packages/django/template/base.py", line 938, in render
    bit = node.render_annotated(context)
  File "/home/ishadow/python-projects/Django-projects/venv/lib/python3.8/site-packages/django/template/base.py", line 905, in render_annotated
    return self.render(context)
  File "/home/ishadow/python-projects/Django-projects/venv/lib/python3.8/site-packages/django/template/defaulttags.py", line 446, in render
    url = reverse(view_name, args=args, kwargs=kwargs, current_app=current_app)
  File "/home/ishadow/python-projects/Django-projects/venv/lib/python3.8/site-packages/django/urls/base.py", line 86, in reverse
    return resolver._reverse_with_prefix(view, prefix, *args, **kwargs)
  File "/home/ishadow/python-projects/Django-projects/venv/lib/python3.8/site-packages/django/urls/resolvers.py", line 694, in _reverse_with_prefix
    raise NoReverseMatch(msg)
django.urls.exceptions.NoReverseMatch: Reverse for 'set_language' not found. 'set_language' is not a valid view function or pattern name.
2021-07-30 20:18:36,787 ERROR "GET /home/ HTTP/1.1" 500 157840 /home/ishadow/python-projects/Django-projects/venv/lib/python3.8/site-packages/django/core/servers/basehttp.py None
2021-07-30 20:22:41,964 ERROR Internal Server Error: / /home/ishadow/python-projects/Django-projects/venv/lib/python3.8/site-packages/django/utils/log.py (<class 'django.urls.exceptions.NoReverseMatch'>, NoReverseMatch("Reverse for 'set_language' not found. 'set_language' is not a valid view function or pattern name."), <traceback object at 0x7f479c205a80>)
Traceback (most recent call last):
  File "/home/ishadow/python-projects/Django-projects/venv/lib/python3.8/site-packages/django/core/handlers/exception.py", line 47, in inner
    response = get_response(request)
  File "/home/ishadow/python-projects/Django-projects/venv/lib/python3.8/site-packages/django/core/handlers/base.py", line 204, in _get_response
    response = response.render()
  File "/home/ishadow/python-projects/Django-projects/venv/lib/python3.8/site-packages/django/template/response.py", line 105, in render
    self.content = self.rendered_content
  File "/home/ishadow/python-projects/Django-projects/venv/lib/python3.8/site-packages/django/template/response.py", line 83, in rendered_content
    return template.render(context, self._request)
  File "/home/ishadow/python-projects/Django-projects/venv/lib/python3.8/site-packages/django/template/backends/django.py", line 61, in render
    return self.template.render(context)
  File "/home/ishadow/python-projects/Django-projects/venv/lib/python3.8/site-packages/django/template/base.py", line 170, in render
    return self._render(context)
  File "/home/ishadow/python-projects/Django-projects/venv/lib/python3.8/site-packages/django/template/base.py", line 162, in _render
    return self.nodelist.render(context)
  File "/home/ishadow/python-projects/Django-projects/venv/lib/python3.8/site-packages/django/template/base.py", line 938, in render
    bit = node.render_annotated(context)
  File "/home/ishadow/python-projects/Django-projects/venv/lib/python3.8/site-packages/django/template/base.py", line 905, in render_annotated
    return self.render(context)
  File "/home/ishadow/python-projects/Django-projects/venv/lib/python3.8/site-packages/django/template/loader_tags.py", line 150, in render
    return compiled_parent._render(context)
  File "/home/ishadow/python-projects/Django-projects/venv/lib/python3.8/site-packages/django/template/base.py", line 162, in _render
    return self.nodelist.render(context)
  File "/home/ishadow/python-projects/Django-projects/venv/lib/python3.8/site-packages/django/template/base.py", line 938, in render
    bit = node.render_annotated(context)
  File "/home/ishadow/python-projects/Django-projects/venv/lib/python3.8/site-packages/django/template/base.py", line 905, in render_annotated
    return self.render(context)
  File "/home/ishadow/python-projects/Django-projects/venv/lib/python3.8/site-packages/django/templatetags/cache.py", line 47, in render
    value = self.nodelist.render(context)
  File "/home/ishadow/python-projects/Django-projects/venv/lib/python3.8/site-packages/django/template/base.py", line 938, in render
    bit = node.render_annotated(context)
  File "/home/ishadow/python-projects/Django-projects/venv/lib/python3.8/site-packages/django/template/base.py", line 905, in render_annotated
    return self.render(context)
  File "/home/ishadow/python-projects/Django-projects/venv/lib/python3.8/site-packages/django/template/defaulttags.py", line 446, in render
    url = reverse(view_name, args=args, kwargs=kwargs, current_app=current_app)
  File "/home/ishadow/python-projects/Django-projects/venv/lib/python3.8/site-packages/django/urls/base.py", line 86, in reverse
    return resolver._reverse_with_prefix(view, prefix, *args, **kwargs)
  File "/home/ishadow/python-projects/Django-projects/venv/lib/python3.8/site-packages/django/urls/resolvers.py", line 694, in _reverse_with_prefix
    raise NoReverseMatch(msg)
django.urls.exceptions.NoReverseMatch: Reverse for 'set_language' not found. 'set_language' is not a valid view function or pattern name.
2021-07-30 20:22:42,665 ERROR "GET / HTTP/1.1" 500 150386 /home/ishadow/python-projects/Django-projects/venv/lib/python3.8/site-packages/django/core/servers/basehttp.py None
2021-07-30 20:38:12,264 ERROR Internal Server Error: /accounts/login/ /home/ishadow/python-projects/Django-projects/venv/lib/python3.8/site-packages/django/utils/log.py (<class 'crispy_forms.exceptions.CrispyError'>, CrispyError('|as_crispy_field got passed an invalid or inexistent field'), <traceback object at 0x7ff19b50f300>)
Traceback (most recent call last):
  File "/home/ishadow/python-projects/Django-projects/venv/lib/python3.8/site-packages/django/core/handlers/exception.py", line 47, in inner
    response = get_response(request)
  File "/home/ishadow/python-projects/Django-projects/venv/lib/python3.8/site-packages/django/core/handlers/base.py", line 204, in _get_response
    response = response.render()
  File "/home/ishadow/python-projects/Django-projects/venv/lib/python3.8/site-packages/django/template/response.py", line 105, in render
    self.content = self.rendered_content
  File "/home/ishadow/python-projects/Django-projects/venv/lib/python3.8/site-packages/django/template/response.py", line 83, in rendered_content
    return template.render(context, self._request)
  File "/home/ishadow/python-projects/Django-projects/venv/lib/python3.8/site-packages/django/template/backends/django.py", line 61, in render
    return self.template.render(context)
  File "/home/ishadow/python-projects/Django-projects/venv/lib/python3.8/site-packages/django/template/base.py", line 170, in render
    return self._render(context)
  File "/home/ishadow/python-projects/Django-projects/venv/lib/python3.8/site-packages/django/template/base.py", line 162, in _render
    return self.nodelist.render(context)
  File "/home/ishadow/python-projects/Django-projects/venv/lib/python3.8/site-packages/django/template/base.py", line 938, in render
    bit = node.render_annotated(context)
  File "/home/ishadow/python-projects/Django-projects/venv/lib/python3.8/site-packages/django/template/base.py", line 905, in render_annotated
    return self.render(context)
  File "/home/ishadow/python-projects/Django-projects/venv/lib/python3.8/site-packages/django/template/loader_tags.py", line 150, in render
    return compiled_parent._render(context)
  File "/home/ishadow/python-projects/Django-projects/venv/lib/python3.8/site-packages/django/template/base.py", line 162, in _render
    return self.nodelist.render(context)
  File "/home/ishadow/python-projects/Django-projects/venv/lib/python3.8/site-packages/django/template/base.py", line 938, in render
    bit = node.render_annotated(context)
  File "/home/ishadow/python-projects/Django-projects/venv/lib/python3.8/site-packages/django/template/base.py", line 905, in render_annotated
    return self.render(context)
  File "/home/ishadow/python-projects/Django-projects/venv/lib/python3.8/site-packages/django/templatetags/cache.py", line 47, in render
    value = self.nodelist.render(context)
  File "/home/ishadow/python-projects/Django-projects/venv/lib/python3.8/site-packages/django/template/base.py", line 938, in render
    bit = node.render_annotated(context)
  File "/home/ishadow/python-projects/Django-projects/venv/lib/python3.8/site-packages/django/template/base.py", line 905, in render_annotated
    return self.render(context)
  File "/home/ishadow/python-projects/Django-projects/venv/lib/python3.8/site-packages/django/template/defaulttags.py", line 211, in render
    nodelist.append(node.render_annotated(context))
  File "/home/ishadow/python-projects/Django-projects/venv/lib/python3.8/site-packages/django/template/base.py", line 905, in render_annotated
    return self.render(context)
  File "/home/ishadow/python-projects/Django-projects/venv/lib/python3.8/site-packages/django/template/base.py", line 988, in render
    output = self.filter_expression.resolve(context)
  File "/home/ishadow/python-projects/Django-projects/venv/lib/python3.8/site-packages/django/template/base.py", line 698, in resolve
    new_obj = func(obj, *arg_vals)
  File "/home/ishadow/python-projects/Django-projects/venv/lib/python3.8/site-packages/crispy_forms/templatetags/crispy_forms_filters.py", line 102, in as_crispy_field
    raise CrispyError("|as_crispy_field got passed an invalid or inexistent field")
crispy_forms.exceptions.CrispyError: |as_crispy_field got passed an invalid or inexistent field
2021-07-30 20:38:13,068 ERROR "GET /accounts/login/?next=/users/ HTTP/1.1" 500 175367 /home/ishadow/python-projects/Django-projects/venv/lib/python3.8/site-packages/django/core/servers/basehttp.py None
2021-07-30 20:46:46,284 ERROR Internal Server Error: /accounts/password/reset/ /home/ishadow/python-projects/Django-projects/venv/lib/python3.8/site-packages/django/utils/log.py (<class 'django.template.base.VariableDoesNotExist'>, VariableDoesNotExist('Failed lookup for key [%s] in %r', ('formset', [{'True': True, 'False': False, 'None': None}, {}, {}, {'form': <ResetPasswordForm bound=False, valid=Unknown, fields=(email)>, 'view': <allauth.account.views.PasswordResetView object at 0x7ff19b57a880>, 'password_reset_form': <ResetPasswordForm bound=False, valid=Unknown, fields=(email)>, 'login_url': '/accounts/login/'}])), <traceback object at 0x7ff19b44f600>)
Traceback (most recent call last):
  File "/home/ishadow/python-projects/Django-projects/venv/lib/python3.8/site-packages/django/template/base.py", line 829, in _resolve_lookup
    current = current[bit]
  File "/home/ishadow/python-projects/Django-projects/venv/lib/python3.8/site-packages/django/template/context.py", line 83, in __getitem__
    raise KeyError(key)
KeyError: 'formset'

During handling of the above exception, another exception occurred:

Traceback (most recent call last):
  File "/home/ishadow/python-projects/Django-projects/venv/lib/python3.8/site-packages/django/template/base.py", line 835, in _resolve_lookup
    if isinstance(current, BaseContext) and getattr(type(current), bit):
AttributeError: type object 'RequestContext' has no attribute 'formset'

During handling of the above exception, another exception occurred:

Traceback (most recent call last):
  File "/home/ishadow/python-projects/Django-projects/venv/lib/python3.8/site-packages/django/template/base.py", line 843, in _resolve_lookup
    current = current[int(bit)]
ValueError: invalid literal for int() with base 10: 'formset'

During handling of the above exception, another exception occurred:

Traceback (most recent call last):
  File "/home/ishadow/python-projects/Django-projects/venv/lib/python3.8/site-packages/django/core/handlers/exception.py", line 47, in inner
    response = get_response(request)
  File "/home/ishadow/python-projects/Django-projects/venv/lib/python3.8/site-packages/django/core/handlers/base.py", line 204, in _get_response
    response = response.render()
  File "/home/ishadow/python-projects/Django-projects/venv/lib/python3.8/site-packages/django/template/response.py", line 105, in render
    self.content = self.rendered_content
  File "/home/ishadow/python-projects/Django-projects/venv/lib/python3.8/site-packages/django/template/response.py", line 83, in rendered_content
    return template.render(context, self._request)
  File "/home/ishadow/python-projects/Django-projects/venv/lib/python3.8/site-packages/django/template/backends/django.py", line 61, in render
    return self.template.render(context)
  File "/home/ishadow/python-projects/Django-projects/venv/lib/python3.8/site-packages/django/template/base.py", line 170, in render
    return self._render(context)
  File "/home/ishadow/python-projects/Django-projects/venv/lib/python3.8/site-packages/django/template/base.py", line 162, in _render
    return self.nodelist.render(context)
  File "/home/ishadow/python-projects/Django-projects/venv/lib/python3.8/site-packages/django/template/base.py", line 938, in render
    bit = node.render_annotated(context)
  File "/home/ishadow/python-projects/Django-projects/venv/lib/python3.8/site-packages/django/template/base.py", line 905, in render_annotated
    return self.render(context)
  File "/home/ishadow/python-projects/Django-projects/venv/lib/python3.8/site-packages/django/template/loader_tags.py", line 150, in render
    return compiled_parent._render(context)
  File "/home/ishadow/python-projects/Django-projects/venv/lib/python3.8/site-packages/django/template/base.py", line 162, in _render
    return self.nodelist.render(context)
  File "/home/ishadow/python-projects/Django-projects/venv/lib/python3.8/site-packages/django/template/base.py", line 938, in render
    bit = node.render_annotated(context)
  File "/home/ishadow/python-projects/Django-projects/venv/lib/python3.8/site-packages/django/template/base.py", line 905, in render_annotated
    return self.render(context)
  File "/home/ishadow/python-projects/Django-projects/venv/lib/python3.8/site-packages/django/templatetags/cache.py", line 47, in render
    value = self.nodelist.render(context)
  File "/home/ishadow/python-projects/Django-projects/venv/lib/python3.8/site-packages/django/template/base.py", line 938, in render
    bit = node.render_annotated(context)
  File "/home/ishadow/python-projects/Django-projects/venv/lib/python3.8/site-packages/django/template/base.py", line 905, in render_annotated
    return self.render(context)
  File "/home/ishadow/python-projects/Django-projects/venv/lib/python3.8/site-packages/crispy_forms/templatetags/crispy_forms_tags.py", line 204, in render
    c = self.get_render(context).flatten()
  File "/home/ishadow/python-projects/Django-projects/venv/lib/python3.8/site-packages/crispy_forms/templatetags/crispy_forms_tags.py", line 92, in get_render
    actual_form = form.resolve(context)
  File "/home/ishadow/python-projects/Django-projects/venv/lib/python3.8/site-packages/django/template/base.py", line 796, in resolve
    value = self._resolve_lookup(context)
  File "/home/ishadow/python-projects/Django-projects/venv/lib/python3.8/site-packages/django/template/base.py", line 848, in _resolve_lookup
    raise VariableDoesNotExist("Failed lookup for key "
django.template.base.VariableDoesNotExist: Failed lookup for key [formset] in [{'True': True, 'False': False, 'None': None}, {}, {}, {'form': <ResetPasswordForm bound=False, valid=Unknown, fields=(email)>, 'view': <allauth.account.views.PasswordResetView object at 0x7ff19b57a880>, 'password_reset_form': <ResetPasswordForm bound=False, valid=Unknown, fields=(email)>, 'login_url': '/accounts/login/'}]
2021-07-30 20:46:47,124 ERROR "GET /accounts/password/reset/ HTTP/1.1" 500 183068 /home/ishadow/python-projects/Django-projects/venv/lib/python3.8/site-packages/django/core/servers/basehttp.py None
2021-07-30 20:50:38,333 ERROR Internal Server Error: /accounts/password/reset/ /home/ishadow/python-projects/Django-projects/venv/lib/python3.8/site-packages/django/utils/log.py (<class 'django.template.exceptions.TemplateSyntaxError'>, TemplateSyntaxError('Could not parse some characters: form|-select-language||crispy'), <traceback object at 0x7ff19a13d1c0>)
Traceback (most recent call last):
  File "/home/ishadow/python-projects/Django-projects/venv/lib/python3.8/site-packages/django/core/handlers/exception.py", line 47, in inner
    response = get_response(request)
  File "/home/ishadow/python-projects/Django-projects/venv/lib/python3.8/site-packages/django/core/handlers/base.py", line 204, in _get_response
    response = response.render()
  File "/home/ishadow/python-projects/Django-projects/venv/lib/python3.8/site-packages/django/template/response.py", line 105, in render
    self.content = self.rendered_content
  File "/home/ishadow/python-projects/Django-projects/venv/lib/python3.8/site-packages/django/template/response.py", line 83, in rendered_content
    return template.render(context, self._request)
  File "/home/ishadow/python-projects/Django-projects/venv/lib/python3.8/site-packages/django/template/backends/django.py", line 61, in render
    return self.template.render(context)
  File "/home/ishadow/python-projects/Django-projects/venv/lib/python3.8/site-packages/django/template/base.py", line 170, in render
    return self._render(context)
  File "/home/ishadow/python-projects/Django-projects/venv/lib/python3.8/site-packages/django/template/base.py", line 162, in _render
    return self.nodelist.render(context)
  File "/home/ishadow/python-projects/Django-projects/venv/lib/python3.8/site-packages/django/template/base.py", line 938, in render
    bit = node.render_annotated(context)
  File "/home/ishadow/python-projects/Django-projects/venv/lib/python3.8/site-packages/django/template/base.py", line 905, in render_annotated
    return self.render(context)
  File "/home/ishadow/python-projects/Django-projects/venv/lib/python3.8/site-packages/django/template/loader_tags.py", line 127, in render
    compiled_parent = self.get_parent(context)
  File "/home/ishadow/python-projects/Django-projects/venv/lib/python3.8/site-packages/django/template/loader_tags.py", line 124, in get_parent
    return self.find_template(parent, context)
  File "/home/ishadow/python-projects/Django-projects/venv/lib/python3.8/site-packages/django/template/loader_tags.py", line 103, in find_template
    template, origin = context.template.engine.find_template(
  File "/home/ishadow/python-projects/Django-projects/venv/lib/python3.8/site-packages/django/template/engine.py", line 125, in find_template
    template = loader.get_template(name, skip=skip)
  File "/home/ishadow/python-projects/Django-projects/venv/lib/python3.8/site-packages/django/template/loaders/base.py", line 29, in get_template
    return Template(
  File "/home/ishadow/python-projects/Django-projects/venv/lib/python3.8/site-packages/django/template/base.py", line 155, in __init__
    self.nodelist = self.compile_nodelist()
  File "/home/ishadow/python-projects/Django-projects/venv/lib/python3.8/site-packages/django/template/base.py", line 193, in compile_nodelist
    return parser.parse()
  File "/home/ishadow/python-projects/Django-projects/venv/lib/python3.8/site-packages/django/template/base.py", line 478, in parse
    raise self.error(token, e)
  File "/home/ishadow/python-projects/Django-projects/venv/lib/python3.8/site-packages/django/template/base.py", line 476, in parse
    compiled_result = compile_func(self, token)
  File "/home/ishadow/python-projects/Django-projects/venv/lib/python3.8/site-packages/django/templatetags/cache.py", line 78, in do_cache
    nodelist = parser.parse(('endcache',))
  File "/home/ishadow/python-projects/Django-projects/venv/lib/python3.8/site-packages/django/template/base.py", line 449, in parse
    raise self.error(token, e)
  File "/home/ishadow/python-projects/Django-projects/venv/lib/python3.8/site-packages/django/template/base.py", line 447, in parse
    filter_expression = self.compile_filter(token.contents)
  File "/home/ishadow/python-projects/Django-projects/venv/lib/python3.8/site-packages/django/template/base.py", line 563, in compile_filter
    return FilterExpression(token, self)
  File "/home/ishadow/python-projects/Django-projects/venv/lib/python3.8/site-packages/django/template/base.py", line 633, in __init__
    raise TemplateSyntaxError("Could not parse some characters: "
django.template.exceptions.TemplateSyntaxError: Could not parse some characters: form|-select-language||crispy
2021-07-30 20:50:39,064 ERROR "GET /accounts/password/reset/ HTTP/1.1" 500 185261 /home/ishadow/python-projects/Django-projects/venv/lib/python3.8/site-packages/django/core/servers/basehttp.py None
2021-07-30 20:54:23,640 ERROR Internal Server Error: /home/ /home/ishadow/python-projects/Django-projects/venv/lib/python3.8/site-packages/django/utils/log.py (<class 'django.template.exceptions.TemplateSyntaxError'>, TemplateSyntaxError('Could not parse some characters: |% form-select-language||crispy %'), <traceback object at 0x7ff19a15cec0>)
Traceback (most recent call last):
  File "/home/ishadow/python-projects/Django-projects/venv/lib/python3.8/site-packages/django/core/handlers/exception.py", line 47, in inner
    response = get_response(request)
  File "/home/ishadow/python-projects/Django-projects/venv/lib/python3.8/site-packages/django/utils/deprecation.py", line 119, in __call__
    response = self.process_response(request, response)
  File "/home/ishadow/python-projects/Django-projects/venv/lib/python3.8/site-packages/django/contrib/flatpages/middleware.py", line 12, in process_response
    return flatpage(request, request.path_info)
  File "/home/ishadow/python-projects/Django-projects/venv/lib/python3.8/site-packages/django/contrib/flatpages/views.py", line 45, in flatpage
    return render_flatpage(request, f)
  File "/home/ishadow/python-projects/Django-projects/venv/lib/python3.8/site-packages/django/utils/decorators.py", line 130, in _wrapped_view
    response = view_func(request, *args, **kwargs)
  File "/home/ishadow/python-projects/Django-projects/venv/lib/python3.8/site-packages/django/contrib/flatpages/views.py", line 69, in render_flatpage
    return HttpResponse(template.render({'flatpage': f}, request))
  File "/home/ishadow/python-projects/Django-projects/venv/lib/python3.8/site-packages/django/template/backends/django.py", line 61, in render
    return self.template.render(context)
  File "/home/ishadow/python-projects/Django-projects/venv/lib/python3.8/site-packages/django/template/base.py", line 170, in render
    return self._render(context)
  File "/home/ishadow/python-projects/Django-projects/venv/lib/python3.8/site-packages/django/template/base.py", line 162, in _render
    return self.nodelist.render(context)
  File "/home/ishadow/python-projects/Django-projects/venv/lib/python3.8/site-packages/django/template/base.py", line 938, in render
    bit = node.render_annotated(context)
  File "/home/ishadow/python-projects/Django-projects/venv/lib/python3.8/site-packages/django/template/base.py", line 905, in render_annotated
    return self.render(context)
  File "/home/ishadow/python-projects/Django-projects/venv/lib/python3.8/site-packages/django/template/loader_tags.py", line 127, in render
    compiled_parent = self.get_parent(context)
  File "/home/ishadow/python-projects/Django-projects/venv/lib/python3.8/site-packages/django/template/loader_tags.py", line 124, in get_parent
    return self.find_template(parent, context)
  File "/home/ishadow/python-projects/Django-projects/venv/lib/python3.8/site-packages/django/template/loader_tags.py", line 103, in find_template
    template, origin = context.template.engine.find_template(
  File "/home/ishadow/python-projects/Django-projects/venv/lib/python3.8/site-packages/django/template/engine.py", line 125, in find_template
    template = loader.get_template(name, skip=skip)
  File "/home/ishadow/python-projects/Django-projects/venv/lib/python3.8/site-packages/django/template/loaders/base.py", line 29, in get_template
    return Template(
  File "/home/ishadow/python-projects/Django-projects/venv/lib/python3.8/site-packages/django/template/base.py", line 155, in __init__
    self.nodelist = self.compile_nodelist()
  File "/home/ishadow/python-projects/Django-projects/venv/lib/python3.8/site-packages/django/template/base.py", line 193, in compile_nodelist
    return parser.parse()
  File "/home/ishadow/python-projects/Django-projects/venv/lib/python3.8/site-packages/django/template/base.py", line 478, in parse
    raise self.error(token, e)
  File "/home/ishadow/python-projects/Django-projects/venv/lib/python3.8/site-packages/django/template/base.py", line 476, in parse
    compiled_result = compile_func(self, token)
  File "/home/ishadow/python-projects/Django-projects/venv/lib/python3.8/site-packages/django/templatetags/cache.py", line 78, in do_cache
    nodelist = parser.parse(('endcache',))
  File "/home/ishadow/python-projects/Django-projects/venv/lib/python3.8/site-packages/django/template/base.py", line 449, in parse
    raise self.error(token, e)
  File "/home/ishadow/python-projects/Django-projects/venv/lib/python3.8/site-packages/django/template/base.py", line 447, in parse
    filter_expression = self.compile_filter(token.contents)
  File "/home/ishadow/python-projects/Django-projects/venv/lib/python3.8/site-packages/django/template/base.py", line 563, in compile_filter
    return FilterExpression(token, self)
  File "/home/ishadow/python-projects/Django-projects/venv/lib/python3.8/site-packages/django/template/base.py", line 633, in __init__
    raise TemplateSyntaxError("Could not parse some characters: "
django.template.exceptions.TemplateSyntaxError: Could not parse some characters: |% form-select-language||crispy %
2021-07-30 20:54:24,343 ERROR "GET /home/ HTTP/1.1" 500 189785 /home/ishadow/python-projects/Django-projects/venv/lib/python3.8/site-packages/django/core/servers/basehttp.py None
2021-07-30 20:55:53,081 ERROR Internal Server Error: /home/ /home/ishadow/python-projects/Django-projects/venv/lib/python3.8/site-packages/django/utils/log.py (<class 'crispy_forms.exceptions.CrispyError'>, CrispyError('|as_crispy_field got passed an invalid or inexistent field'), <traceback object at 0x7ff19b44f200>)
Traceback (most recent call last):
  File "/home/ishadow/python-projects/Django-projects/venv/lib/python3.8/site-packages/django/core/handlers/exception.py", line 47, in inner
    response = get_response(request)
  File "/home/ishadow/python-projects/Django-projects/venv/lib/python3.8/site-packages/django/utils/deprecation.py", line 119, in __call__
    response = self.process_response(request, response)
  File "/home/ishadow/python-projects/Django-projects/venv/lib/python3.8/site-packages/django/contrib/flatpages/middleware.py", line 12, in process_response
    return flatpage(request, request.path_info)
  File "/home/ishadow/python-projects/Django-projects/venv/lib/python3.8/site-packages/django/contrib/flatpages/views.py", line 45, in flatpage
    return render_flatpage(request, f)
  File "/home/ishadow/python-projects/Django-projects/venv/lib/python3.8/site-packages/django/utils/decorators.py", line 130, in _wrapped_view
    response = view_func(request, *args, **kwargs)
  File "/home/ishadow/python-projects/Django-projects/venv/lib/python3.8/site-packages/django/contrib/flatpages/views.py", line 69, in render_flatpage
    return HttpResponse(template.render({'flatpage': f}, request))
  File "/home/ishadow/python-projects/Django-projects/venv/lib/python3.8/site-packages/django/template/backends/django.py", line 61, in render
    return self.template.render(context)
  File "/home/ishadow/python-projects/Django-projects/venv/lib/python3.8/site-packages/django/template/base.py", line 170, in render
    return self._render(context)
  File "/home/ishadow/python-projects/Django-projects/venv/lib/python3.8/site-packages/django/template/base.py", line 162, in _render
    return self.nodelist.render(context)
  File "/home/ishadow/python-projects/Django-projects/venv/lib/python3.8/site-packages/django/template/base.py", line 938, in render
    bit = node.render_annotated(context)
  File "/home/ishadow/python-projects/Django-projects/venv/lib/python3.8/site-packages/django/template/base.py", line 905, in render_annotated
    return self.render(context)
  File "/home/ishadow/python-projects/Django-projects/venv/lib/python3.8/site-packages/django/template/loader_tags.py", line 150, in render
    return compiled_parent._render(context)
  File "/home/ishadow/python-projects/Django-projects/venv/lib/python3.8/site-packages/django/template/base.py", line 162, in _render
    return self.nodelist.render(context)
  File "/home/ishadow/python-projects/Django-projects/venv/lib/python3.8/site-packages/django/template/base.py", line 938, in render
    bit = node.render_annotated(context)
  File "/home/ishadow/python-projects/Django-projects/venv/lib/python3.8/site-packages/django/template/base.py", line 905, in render_annotated
    return self.render(context)
  File "/home/ishadow/python-projects/Django-projects/venv/lib/python3.8/site-packages/django/templatetags/cache.py", line 47, in render
    value = self.nodelist.render(context)
  File "/home/ishadow/python-projects/Django-projects/venv/lib/python3.8/site-packages/django/template/base.py", line 938, in render
    bit = node.render_annotated(context)
  File "/home/ishadow/python-projects/Django-projects/venv/lib/python3.8/site-packages/django/template/base.py", line 905, in render_annotated
    return self.render(context)
  File "/home/ishadow/python-projects/Django-projects/venv/lib/python3.8/site-packages/django/template/base.py", line 988, in render
    output = self.filter_expression.resolve(context)
  File "/home/ishadow/python-projects/Django-projects/venv/lib/python3.8/site-packages/django/template/base.py", line 698, in resolve
    new_obj = func(obj, *arg_vals)
  File "/home/ishadow/python-projects/Django-projects/venv/lib/python3.8/site-packages/crispy_forms/templatetags/crispy_forms_filters.py", line 102, in as_crispy_field
    raise CrispyError("|as_crispy_field got passed an invalid or inexistent field")
crispy_forms.exceptions.CrispyError: |as_crispy_field got passed an invalid or inexistent field
2021-07-30 20:55:53,682 ERROR "GET /home/ HTTP/1.1" 500 156877 /home/ishadow/python-projects/Django-projects/venv/lib/python3.8/site-packages/django/core/servers/basehttp.py None
2021-07-30 21:00:48,476 ERROR Internal Server Error: / /home/ishadow/python-projects/Django-projects/venv/lib/python3.8/site-packages/django/utils/log.py (<class 'crispy_forms.exceptions.CrispyError'>, CrispyError('|as_crispy_field got passed an invalid or inexistent field'), <traceback object at 0x7ff19a163dc0>)
Traceback (most recent call last):
  File "/home/ishadow/python-projects/Django-projects/venv/lib/python3.8/site-packages/django/core/handlers/exception.py", line 47, in inner
    response = get_response(request)
  File "/home/ishadow/python-projects/Django-projects/venv/lib/python3.8/site-packages/django/core/handlers/base.py", line 204, in _get_response
    response = response.render()
  File "/home/ishadow/python-projects/Django-projects/venv/lib/python3.8/site-packages/django/template/response.py", line 105, in render
    self.content = self.rendered_content
  File "/home/ishadow/python-projects/Django-projects/venv/lib/python3.8/site-packages/django/template/response.py", line 83, in rendered_content
    return template.render(context, self._request)
  File "/home/ishadow/python-projects/Django-projects/venv/lib/python3.8/site-packages/django/template/backends/django.py", line 61, in render
    return self.template.render(context)
  File "/home/ishadow/python-projects/Django-projects/venv/lib/python3.8/site-packages/django/template/base.py", line 170, in render
    return self._render(context)
  File "/home/ishadow/python-projects/Django-projects/venv/lib/python3.8/site-packages/django/template/base.py", line 162, in _render
    return self.nodelist.render(context)
  File "/home/ishadow/python-projects/Django-projects/venv/lib/python3.8/site-packages/django/template/base.py", line 938, in render
    bit = node.render_annotated(context)
  File "/home/ishadow/python-projects/Django-projects/venv/lib/python3.8/site-packages/django/template/base.py", line 905, in render_annotated
    return self.render(context)
  File "/home/ishadow/python-projects/Django-projects/venv/lib/python3.8/site-packages/django/template/loader_tags.py", line 150, in render
    return compiled_parent._render(context)
  File "/home/ishadow/python-projects/Django-projects/venv/lib/python3.8/site-packages/django/template/base.py", line 162, in _render
    return self.nodelist.render(context)
  File "/home/ishadow/python-projects/Django-projects/venv/lib/python3.8/site-packages/django/template/base.py", line 938, in render
    bit = node.render_annotated(context)
  File "/home/ishadow/python-projects/Django-projects/venv/lib/python3.8/site-packages/django/template/base.py", line 905, in render_annotated
    return self.render(context)
  File "/home/ishadow/python-projects/Django-projects/venv/lib/python3.8/site-packages/django/templatetags/cache.py", line 47, in render
    value = self.nodelist.render(context)
  File "/home/ishadow/python-projects/Django-projects/venv/lib/python3.8/site-packages/django/template/base.py", line 938, in render
    bit = node.render_annotated(context)
  File "/home/ishadow/python-projects/Django-projects/venv/lib/python3.8/site-packages/django/template/base.py", line 905, in render_annotated
    return self.render(context)
  File "/home/ishadow/python-projects/Django-projects/venv/lib/python3.8/site-packages/django/template/base.py", line 988, in render
    output = self.filter_expression.resolve(context)
  File "/home/ishadow/python-projects/Django-projects/venv/lib/python3.8/site-packages/django/template/base.py", line 698, in resolve
    new_obj = func(obj, *arg_vals)
  File "/home/ishadow/python-projects/Django-projects/venv/lib/python3.8/site-packages/crispy_forms/templatetags/crispy_forms_filters.py", line 102, in as_crispy_field
    raise CrispyError("|as_crispy_field got passed an invalid or inexistent field")
crispy_forms.exceptions.CrispyError: |as_crispy_field got passed an invalid or inexistent field
2021-07-30 21:00:49,146 ERROR "GET / HTTP/1.1" 500 149574 /home/ishadow/python-projects/Django-projects/venv/lib/python3.8/site-packages/django/core/servers/basehttp.py None
2021-08-06 08:14:32,750 ERROR Internal Server Error: /users/ /home/ishadow/python-projects/Django-projects/venv/lib/python3.8/site-packages/django/utils/log.py (<class 'django.template.exceptions.TemplateDoesNotExist'>, TemplateDoesNotExist('index.html'), <traceback object at 0x7f3732641500>)
Traceback (most recent call last):
  File "/home/ishadow/python-projects/Django-projects/venv/lib/python3.8/site-packages/django/core/handlers/exception.py", line 47, in inner
    response = get_response(request)
  File "/home/ishadow/python-projects/Django-projects/venv/lib/python3.8/site-packages/django/core/handlers/base.py", line 181, in _get_response
    response = wrapped_callback(request, *callback_args, **callback_kwargs)
  File "/home/ishadow/python-projects/Django-projects/venv/lib/python3.8/site-packages/django/views/generic/base.py", line 70, in view
    return self.dispatch(request, *args, **kwargs)
  File "/home/ishadow/python-projects/Django-projects/venv/lib/python3.8/site-packages/django/contrib/auth/mixins.py", line 71, in dispatch
    return super().dispatch(request, *args, **kwargs)
  File "/home/ishadow/python-projects/Django-projects/venv/lib/python3.8/site-packages/django/views/generic/base.py", line 98, in dispatch
    return handler(request, *args, **kwargs)
  File "/home/ishadow/python-projects/Django-projects/NewsPaper-project/users/views.py", line 44, in get
    return HttpResponse(render(request, 'index.html', context))
  File "/home/ishadow/python-projects/Django-projects/venv/lib/python3.8/site-packages/django/shortcuts.py", line 19, in render
    content = loader.render_to_string(template_name, context, request, using=using)
  File "/home/ishadow/python-projects/Django-projects/venv/lib/python3.8/site-packages/django/template/loader.py", line 61, in render_to_string
    template = get_template(template_name, using=using)
  File "/home/ishadow/python-projects/Django-projects/venv/lib/python3.8/site-packages/django/template/loader.py", line 19, in get_template
    raise TemplateDoesNotExist(template_name, chain=chain)
django.template.exceptions.TemplateDoesNotExist: index.html
2021-08-06 08:14:33,343 ERROR "GET /users/ HTTP/1.1" 500 114260 /home/ishadow/python-projects/Django-projects/venv/lib/python3.8/site-packages/django/core/servers/basehttp.py None
2021-08-06 08:15:47,869 ERROR Internal Server Error: /users/ /home/ishadow/python-projects/Django-projects/venv/lib/python3.8/site-packages/django/utils/log.py (<class 'django.template.exceptions.TemplateDoesNotExist'>, TemplateDoesNotExist('signin.html'), <traceback object at 0x7f445de36d80>)
Traceback (most recent call last):
  File "/home/ishadow/python-projects/Django-projects/venv/lib/python3.8/site-packages/django/core/handlers/exception.py", line 47, in inner
    response = get_response(request)
  File "/home/ishadow/python-projects/Django-projects/venv/lib/python3.8/site-packages/django/core/handlers/base.py", line 181, in _get_response
    response = wrapped_callback(request, *callback_args, **callback_kwargs)
  File "/home/ishadow/python-projects/Django-projects/venv/lib/python3.8/site-packages/django/views/generic/base.py", line 70, in view
    return self.dispatch(request, *args, **kwargs)
  File "/home/ishadow/python-projects/Django-projects/venv/lib/python3.8/site-packages/django/contrib/auth/mixins.py", line 71, in dispatch
    return super().dispatch(request, *args, **kwargs)
  File "/home/ishadow/python-projects/Django-projects/venv/lib/python3.8/site-packages/django/views/generic/base.py", line 98, in dispatch
    return handler(request, *args, **kwargs)
  File "/home/ishadow/python-projects/Django-projects/NewsPaper-project/users/views.py", line 44, in get
    return HttpResponse(render(request, 'signin.html', context))
  File "/home/ishadow/python-projects/Django-projects/venv/lib/python3.8/site-packages/django/shortcuts.py", line 19, in render
    content = loader.render_to_string(template_name, context, request, using=using)
  File "/home/ishadow/python-projects/Django-projects/venv/lib/python3.8/site-packages/django/template/loader.py", line 61, in render_to_string
    template = get_template(template_name, using=using)
  File "/home/ishadow/python-projects/Django-projects/venv/lib/python3.8/site-packages/django/template/loader.py", line 19, in get_template
    raise TemplateDoesNotExist(template_name, chain=chain)
django.template.exceptions.TemplateDoesNotExist: signin.html
2021-08-06 08:15:48,474 ERROR "GET /users/ HTTP/1.1" 500 114284 /home/ishadow/python-projects/Django-projects/venv/lib/python3.8/site-packages/django/core/servers/basehttp.py None
2021-08-06 08:18:09,380 ERROR Internal Server Error: /users/ /home/ishadow/python-projects/Django-projects/venv/lib/python3.8/site-packages/django/utils/log.py (<class 'crispy_forms.exceptions.CrispyError'>, CrispyError('|as_crispy_field got passed an invalid or inexistent field'), <traceback object at 0x7efc738f2a00>)
Traceback (most recent call last):
  File "/home/ishadow/python-projects/Django-projects/venv/lib/python3.8/site-packages/django/core/handlers/exception.py", line 47, in inner
    response = get_response(request)
  File "/home/ishadow/python-projects/Django-projects/venv/lib/python3.8/site-packages/django/core/handlers/base.py", line 181, in _get_response
    response = wrapped_callback(request, *callback_args, **callback_kwargs)
  File "/home/ishadow/python-projects/Django-projects/venv/lib/python3.8/site-packages/django/views/generic/base.py", line 70, in view
    return self.dispatch(request, *args, **kwargs)
  File "/home/ishadow/python-projects/Django-projects/venv/lib/python3.8/site-packages/django/contrib/auth/mixins.py", line 71, in dispatch
    return super().dispatch(request, *args, **kwargs)
  File "/home/ishadow/python-projects/Django-projects/venv/lib/python3.8/site-packages/django/views/generic/base.py", line 98, in dispatch
    return handler(request, *args, **kwargs)
  File "/home/ishadow/python-projects/Django-projects/NewsPaper-project/users/views.py", line 44, in get
    return HttpResponse(render(request, 'account/signin.html', context))
  File "/home/ishadow/python-projects/Django-projects/venv/lib/python3.8/site-packages/django/shortcuts.py", line 19, in render
    content = loader.render_to_string(template_name, context, request, using=using)
  File "/home/ishadow/python-projects/Django-projects/venv/lib/python3.8/site-packages/django/template/loader.py", line 62, in render_to_string
    return template.render(context, request)
  File "/home/ishadow/python-projects/Django-projects/venv/lib/python3.8/site-packages/django/template/backends/django.py", line 61, in render
    return self.template.render(context)
  File "/home/ishadow/python-projects/Django-projects/venv/lib/python3.8/site-packages/django/template/base.py", line 170, in render
    return self._render(context)
  File "/home/ishadow/python-projects/Django-projects/venv/lib/python3.8/site-packages/django/template/base.py", line 162, in _render
    return self.nodelist.render(context)
  File "/home/ishadow/python-projects/Django-projects/venv/lib/python3.8/site-packages/django/template/base.py", line 938, in render
    bit = node.render_annotated(context)
  File "/home/ishadow/python-projects/Django-projects/venv/lib/python3.8/site-packages/django/template/base.py", line 905, in render_annotated
    return self.render(context)
  File "/home/ishadow/python-projects/Django-projects/venv/lib/python3.8/site-packages/django/template/loader_tags.py", line 150, in render
    return compiled_parent._render(context)
  File "/home/ishadow/python-projects/Django-projects/venv/lib/python3.8/site-packages/django/template/base.py", line 162, in _render
    return self.nodelist.render(context)
  File "/home/ishadow/python-projects/Django-projects/venv/lib/python3.8/site-packages/django/template/base.py", line 938, in render
    bit = node.render_annotated(context)
  File "/home/ishadow/python-projects/Django-projects/venv/lib/python3.8/site-packages/django/template/base.py", line 905, in render_annotated
    return self.render(context)
  File "/home/ishadow/python-projects/Django-projects/venv/lib/python3.8/site-packages/django/template/loader_tags.py", line 62, in render
    result = block.nodelist.render(context)
  File "/home/ishadow/python-projects/Django-projects/venv/lib/python3.8/site-packages/django/template/base.py", line 938, in render
    bit = node.render_annotated(context)
  File "/home/ishadow/python-projects/Django-projects/venv/lib/python3.8/site-packages/django/template/base.py", line 905, in render_annotated
    return self.render(context)
  File "/home/ishadow/python-projects/Django-projects/venv/lib/python3.8/site-packages/django/template/defaulttags.py", line 312, in render
    return nodelist.render(context)
  File "/home/ishadow/python-projects/Django-projects/venv/lib/python3.8/site-packages/django/template/base.py", line 938, in render
    bit = node.render_annotated(context)
  File "/home/ishadow/python-projects/Django-projects/venv/lib/python3.8/site-packages/django/template/base.py", line 905, in render_annotated
    return self.render(context)
  File "/home/ishadow/python-projects/Django-projects/venv/lib/python3.8/site-packages/django/template/base.py", line 988, in render
    output = self.filter_expression.resolve(context)
  File "/home/ishadow/python-projects/Django-projects/venv/lib/python3.8/site-packages/django/template/base.py", line 698, in resolve
    new_obj = func(obj, *arg_vals)
  File "/home/ishadow/python-projects/Django-projects/venv/lib/python3.8/site-packages/crispy_forms/templatetags/crispy_forms_filters.py", line 102, in as_crispy_field
    raise CrispyError("|as_crispy_field got passed an invalid or inexistent field")
crispy_forms.exceptions.CrispyError: |as_crispy_field got passed an invalid or inexistent field
2021-08-06 08:18:10,608 ERROR "GET /users/ HTTP/1.1" 500 312869 /home/ishadow/python-projects/Django-projects/venv/lib/python3.8/site-packages/django/core/servers/basehttp.py None
2021-08-06 08:22:09,176 ERROR Internal Server Error: /users/ /home/ishadow/python-projects/Django-projects/venv/lib/python3.8/site-packages/django/utils/log.py (<class 'crispy_forms.exceptions.CrispyError'>, CrispyError('|as_crispy_field got passed an invalid or inexistent field'), <traceback object at 0x7f7ad493ca00>)
Traceback (most recent call last):
  File "/home/ishadow/python-projects/Django-projects/venv/lib/python3.8/site-packages/django/core/handlers/exception.py", line 47, in inner
    response = get_response(request)
  File "/home/ishadow/python-projects/Django-projects/venv/lib/python3.8/site-packages/django/core/handlers/base.py", line 181, in _get_response
    response = wrapped_callback(request, *callback_args, **callback_kwargs)
  File "/home/ishadow/python-projects/Django-projects/venv/lib/python3.8/site-packages/django/views/generic/base.py", line 70, in view
    return self.dispatch(request, *args, **kwargs)
  File "/home/ishadow/python-projects/Django-projects/venv/lib/python3.8/site-packages/django/contrib/auth/mixins.py", line 71, in dispatch
    return super().dispatch(request, *args, **kwargs)
  File "/home/ishadow/python-projects/Django-projects/venv/lib/python3.8/site-packages/django/views/generic/base.py", line 98, in dispatch
    return handler(request, *args, **kwargs)
  File "/home/ishadow/python-projects/Django-projects/NewsPaper-project/users/views.py", line 42, in get
    return HttpResponse(render(request, 'account/signin.html', context))
  File "/home/ishadow/python-projects/Django-projects/venv/lib/python3.8/site-packages/django/shortcuts.py", line 19, in render
    content = loader.render_to_string(template_name, context, request, using=using)
  File "/home/ishadow/python-projects/Django-projects/venv/lib/python3.8/site-packages/django/template/loader.py", line 62, in render_to_string
    return template.render(context, request)
  File "/home/ishadow/python-projects/Django-projects/venv/lib/python3.8/site-packages/django/template/backends/django.py", line 61, in render
    return self.template.render(context)
  File "/home/ishadow/python-projects/Django-projects/venv/lib/python3.8/site-packages/django/template/base.py", line 170, in render
    return self._render(context)
  File "/home/ishadow/python-projects/Django-projects/venv/lib/python3.8/site-packages/django/template/base.py", line 162, in _render
    return self.nodelist.render(context)
  File "/home/ishadow/python-projects/Django-projects/venv/lib/python3.8/site-packages/django/template/base.py", line 938, in render
    bit = node.render_annotated(context)
  File "/home/ishadow/python-projects/Django-projects/venv/lib/python3.8/site-packages/django/template/base.py", line 905, in render_annotated
    return self.render(context)
  File "/home/ishadow/python-projects/Django-projects/venv/lib/python3.8/site-packages/django/template/loader_tags.py", line 150, in render
    return compiled_parent._render(context)
  File "/home/ishadow/python-projects/Django-projects/venv/lib/python3.8/site-packages/django/template/base.py", line 162, in _render
    return self.nodelist.render(context)
  File "/home/ishadow/python-projects/Django-projects/venv/lib/python3.8/site-packages/django/template/base.py", line 938, in render
    bit = node.render_annotated(context)
  File "/home/ishadow/python-projects/Django-projects/venv/lib/python3.8/site-packages/django/template/base.py", line 905, in render_annotated
    return self.render(context)
  File "/home/ishadow/python-projects/Django-projects/venv/lib/python3.8/site-packages/django/template/loader_tags.py", line 62, in render
    result = block.nodelist.render(context)
  File "/home/ishadow/python-projects/Django-projects/venv/lib/python3.8/site-packages/django/template/base.py", line 938, in render
    bit = node.render_annotated(context)
  File "/home/ishadow/python-projects/Django-projects/venv/lib/python3.8/site-packages/django/template/base.py", line 905, in render_annotated
    return self.render(context)
  File "/home/ishadow/python-projects/Django-projects/venv/lib/python3.8/site-packages/django/template/defaulttags.py", line 312, in render
    return nodelist.render(context)
  File "/home/ishadow/python-projects/Django-projects/venv/lib/python3.8/site-packages/django/template/base.py", line 938, in render
    bit = node.render_annotated(context)
  File "/home/ishadow/python-projects/Django-projects/venv/lib/python3.8/site-packages/django/template/base.py", line 905, in render_annotated
    return self.render(context)
  File "/home/ishadow/python-projects/Django-projects/venv/lib/python3.8/site-packages/django/template/base.py", line 988, in render
    output = self.filter_expression.resolve(context)
  File "/home/ishadow/python-projects/Django-projects/venv/lib/python3.8/site-packages/django/template/base.py", line 698, in resolve
    new_obj = func(obj, *arg_vals)
  File "/home/ishadow/python-projects/Django-projects/venv/lib/python3.8/site-packages/crispy_forms/templatetags/crispy_forms_filters.py", line 102, in as_crispy_field
    raise CrispyError("|as_crispy_field got passed an invalid or inexistent field")
crispy_forms.exceptions.CrispyError: |as_crispy_field got passed an invalid or inexistent field
2021-08-06 08:22:09,888 ERROR "GET /users/ HTTP/1.1" 500 312727 /home/ishadow/python-projects/Django-projects/venv/lib/python3.8/site-packages/django/core/servers/basehttp.py None
2021-08-06 08:22:30,660 ERROR Internal Server Error: /users/ /home/ishadow/python-projects/Django-projects/venv/lib/python3.8/site-packages/django/utils/log.py (<class 'crispy_forms.exceptions.CrispyError'>, CrispyError('|as_crispy_field got passed an invalid or inexistent field'), <traceback object at 0x7f7acf6e8240>)
Traceback (most recent call last):
  File "/home/ishadow/python-projects/Django-projects/venv/lib/python3.8/site-packages/django/core/handlers/exception.py", line 47, in inner
    response = get_response(request)
  File "/home/ishadow/python-projects/Django-projects/venv/lib/python3.8/site-packages/django/core/handlers/base.py", line 181, in _get_response
    response = wrapped_callback(request, *callback_args, **callback_kwargs)
  File "/home/ishadow/python-projects/Django-projects/venv/lib/python3.8/site-packages/django/views/generic/base.py", line 70, in view
    return self.dispatch(request, *args, **kwargs)
  File "/home/ishadow/python-projects/Django-projects/venv/lib/python3.8/site-packages/django/contrib/auth/mixins.py", line 71, in dispatch
    return super().dispatch(request, *args, **kwargs)
  File "/home/ishadow/python-projects/Django-projects/venv/lib/python3.8/site-packages/django/views/generic/base.py", line 98, in dispatch
    return handler(request, *args, **kwargs)
  File "/home/ishadow/python-projects/Django-projects/NewsPaper-project/users/views.py", line 42, in get
    return HttpResponse(render(request, 'account/signin.html', context))
  File "/home/ishadow/python-projects/Django-projects/venv/lib/python3.8/site-packages/django/shortcuts.py", line 19, in render
    content = loader.render_to_string(template_name, context, request, using=using)
  File "/home/ishadow/python-projects/Django-projects/venv/lib/python3.8/site-packages/django/template/loader.py", line 62, in render_to_string
    return template.render(context, request)
  File "/home/ishadow/python-projects/Django-projects/venv/lib/python3.8/site-packages/django/template/backends/django.py", line 61, in render
    return self.template.render(context)
  File "/home/ishadow/python-projects/Django-projects/venv/lib/python3.8/site-packages/django/template/base.py", line 170, in render
    return self._render(context)
  File "/home/ishadow/python-projects/Django-projects/venv/lib/python3.8/site-packages/django/template/base.py", line 162, in _render
    return self.nodelist.render(context)
  File "/home/ishadow/python-projects/Django-projects/venv/lib/python3.8/site-packages/django/template/base.py", line 938, in render
    bit = node.render_annotated(context)
  File "/home/ishadow/python-projects/Django-projects/venv/lib/python3.8/site-packages/django/template/base.py", line 905, in render_annotated
    return self.render(context)
  File "/home/ishadow/python-projects/Django-projects/venv/lib/python3.8/site-packages/django/template/loader_tags.py", line 150, in render
    return compiled_parent._render(context)
  File "/home/ishadow/python-projects/Django-projects/venv/lib/python3.8/site-packages/django/template/base.py", line 162, in _render
    return self.nodelist.render(context)
  File "/home/ishadow/python-projects/Django-projects/venv/lib/python3.8/site-packages/django/template/base.py", line 938, in render
    bit = node.render_annotated(context)
  File "/home/ishadow/python-projects/Django-projects/venv/lib/python3.8/site-packages/django/template/base.py", line 905, in render_annotated
    return self.render(context)
  File "/home/ishadow/python-projects/Django-projects/venv/lib/python3.8/site-packages/django/template/loader_tags.py", line 62, in render
    result = block.nodelist.render(context)
  File "/home/ishadow/python-projects/Django-projects/venv/lib/python3.8/site-packages/django/template/base.py", line 938, in render
    bit = node.render_annotated(context)
  File "/home/ishadow/python-projects/Django-projects/venv/lib/python3.8/site-packages/django/template/base.py", line 905, in render_annotated
    return self.render(context)
  File "/home/ishadow/python-projects/Django-projects/venv/lib/python3.8/site-packages/django/template/defaulttags.py", line 312, in render
    return nodelist.render(context)
  File "/home/ishadow/python-projects/Django-projects/venv/lib/python3.8/site-packages/django/template/base.py", line 938, in render
    bit = node.render_annotated(context)
  File "/home/ishadow/python-projects/Django-projects/venv/lib/python3.8/site-packages/django/template/base.py", line 905, in render_annotated
    return self.render(context)
  File "/home/ishadow/python-projects/Django-projects/venv/lib/python3.8/site-packages/django/template/base.py", line 988, in render
    output = self.filter_expression.resolve(context)
  File "/home/ishadow/python-projects/Django-projects/venv/lib/python3.8/site-packages/django/template/base.py", line 698, in resolve
    new_obj = func(obj, *arg_vals)
  File "/home/ishadow/python-projects/Django-projects/venv/lib/python3.8/site-packages/crispy_forms/templatetags/crispy_forms_filters.py", line 102, in as_crispy_field
    raise CrispyError("|as_crispy_field got passed an invalid or inexistent field")
crispy_forms.exceptions.CrispyError: |as_crispy_field got passed an invalid or inexistent field
2021-08-06 08:22:31,323 ERROR "GET /users/ HTTP/1.1" 500 312642 /home/ishadow/python-projects/Django-projects/venv/lib/python3.8/site-packages/django/core/servers/basehttp.py None
2021-08-06 08:27:20,001 ERROR Internal Server Error: /users/ /home/ishadow/python-projects/Django-projects/venv/lib/python3.8/site-packages/django/utils/log.py (<class 'crispy_forms.exceptions.CrispyError'>, CrispyError('|as_crispy_field got passed an invalid or inexistent field'), <traceback object at 0x7fc5c40aa780>)
Traceback (most recent call last):
  File "/home/ishadow/python-projects/Django-projects/venv/lib/python3.8/site-packages/django/core/handlers/exception.py", line 47, in inner
    response = get_response(request)
  File "/home/ishadow/python-projects/Django-projects/venv/lib/python3.8/site-packages/django/core/handlers/base.py", line 181, in _get_response
    response = wrapped_callback(request, *callback_args, **callback_kwargs)
  File "/home/ishadow/python-projects/Django-projects/venv/lib/python3.8/site-packages/django/views/generic/base.py", line 70, in view
    return self.dispatch(request, *args, **kwargs)
  File "/home/ishadow/python-projects/Django-projects/venv/lib/python3.8/site-packages/django/contrib/auth/mixins.py", line 71, in dispatch
    return super().dispatch(request, *args, **kwargs)
  File "/home/ishadow/python-projects/Django-projects/venv/lib/python3.8/site-packages/django/views/generic/base.py", line 98, in dispatch
    return handler(request, *args, **kwargs)
  File "/home/ishadow/python-projects/Django-projects/NewsPaper-project/users/views.py", line 42, in get
    return HttpResponse(render(request, 'account/signin.html', context))
  File "/home/ishadow/python-projects/Django-projects/venv/lib/python3.8/site-packages/django/shortcuts.py", line 19, in render
    content = loader.render_to_string(template_name, context, request, using=using)
  File "/home/ishadow/python-projects/Django-projects/venv/lib/python3.8/site-packages/django/template/loader.py", line 62, in render_to_string
    return template.render(context, request)
  File "/home/ishadow/python-projects/Django-projects/venv/lib/python3.8/site-packages/django/template/backends/django.py", line 61, in render
    return self.template.render(context)
  File "/home/ishadow/python-projects/Django-projects/venv/lib/python3.8/site-packages/django/template/base.py", line 170, in render
    return self._render(context)
  File "/home/ishadow/python-projects/Django-projects/venv/lib/python3.8/site-packages/django/template/base.py", line 162, in _render
    return self.nodelist.render(context)
  File "/home/ishadow/python-projects/Django-projects/venv/lib/python3.8/site-packages/django/template/base.py", line 938, in render
    bit = node.render_annotated(context)
  File "/home/ishadow/python-projects/Django-projects/venv/lib/python3.8/site-packages/django/template/base.py", line 905, in render_annotated
    return self.render(context)
  File "/home/ishadow/python-projects/Django-projects/venv/lib/python3.8/site-packages/django/template/loader_tags.py", line 150, in render
    return compiled_parent._render(context)
  File "/home/ishadow/python-projects/Django-projects/venv/lib/python3.8/site-packages/django/template/base.py", line 162, in _render
    return self.nodelist.render(context)
  File "/home/ishadow/python-projects/Django-projects/venv/lib/python3.8/site-packages/django/template/base.py", line 938, in render
    bit = node.render_annotated(context)
  File "/home/ishadow/python-projects/Django-projects/venv/lib/python3.8/site-packages/django/template/base.py", line 905, in render_annotated
    return self.render(context)
  File "/home/ishadow/python-projects/Django-projects/venv/lib/python3.8/site-packages/django/template/loader_tags.py", line 62, in render
    result = block.nodelist.render(context)
  File "/home/ishadow/python-projects/Django-projects/venv/lib/python3.8/site-packages/django/template/base.py", line 938, in render
    bit = node.render_annotated(context)
  File "/home/ishadow/python-projects/Django-projects/venv/lib/python3.8/site-packages/django/template/base.py", line 905, in render_annotated
    return self.render(context)
  File "/home/ishadow/python-projects/Django-projects/venv/lib/python3.8/site-packages/django/template/defaulttags.py", line 312, in render
    return nodelist.render(context)
  File "/home/ishadow/python-projects/Django-projects/venv/lib/python3.8/site-packages/django/template/base.py", line 938, in render
    bit = node.render_annotated(context)
  File "/home/ishadow/python-projects/Django-projects/venv/lib/python3.8/site-packages/django/template/base.py", line 905, in render_annotated
    return self.render(context)
  File "/home/ishadow/python-projects/Django-projects/venv/lib/python3.8/site-packages/django/template/base.py", line 988, in render
    output = self.filter_expression.resolve(context)
  File "/home/ishadow/python-projects/Django-projects/venv/lib/python3.8/site-packages/django/template/base.py", line 698, in resolve
    new_obj = func(obj, *arg_vals)
  File "/home/ishadow/python-projects/Django-projects/venv/lib/python3.8/site-packages/crispy_forms/templatetags/crispy_forms_filters.py", line 102, in as_crispy_field
    raise CrispyError("|as_crispy_field got passed an invalid or inexistent field")
crispy_forms.exceptions.CrispyError: |as_crispy_field got passed an invalid or inexistent field
2021-08-06 08:27:20,692 ERROR "GET /users/ HTTP/1.1" 500 312574 /home/ishadow/python-projects/Django-projects/venv/lib/python3.8/site-packages/django/core/servers/basehttp.py None
2021-08-06 08:39:56,047 ERROR Internal Server Error: /users/ /home/ishadow/python-projects/Django-projects/venv/lib/python3.8/site-packages/django/utils/log.py (<class 'django.template.base.VariableDoesNotExist'>, VariableDoesNotExist('Failed lookup for key [%s] in %r', ('TIME_ZONE', [{'True': True, 'False': False, 'None': None}, {}, {}, {'object': <User: ishadow>, 'user': <User: ishadow>, 'form': <UserChangeForm bound=False, valid=Unknown, fields=(username;first_name;last_name;email)>, 'view': <users.views.IndexView object at 0x7fd59ce4ff40>, 'is_not_author': False, 'current_time': (datetime.datetime(2021, 8, 6, 8, 39, 55, 988213, tzinfo=<UTC>),), 'timezones': ['Africa/Abidjan', 'Africa/Accra', 'Africa/Addis_Ababa', 'Africa/Algiers', 'Africa/Asmara', 'Africa/Bamako', 'Africa/Bangui', 'Africa/Banjul', 'Africa/Bissau', 'Africa/Blantyre', 'Africa/Brazzaville', 'Africa/Bujumbura', 'Africa/Cairo', 'Africa/Casablanca', 'Africa/Ceuta', 'Africa/Conakry', 'Africa/Dakar', 'Africa/Dar_es_Salaam', 'Africa/Djibouti', 'Africa/Douala', 'Africa/El_Aaiun', 'Africa/Freetown', 'Africa/Gaborone', 'Africa/Harare', 'Africa/Johannesburg', 'Africa/Juba', 'Africa/Kampala', 'Africa/Khartoum', 'Africa/Kigali', 'Africa/Kinshasa', 'Africa/Lagos', 'Africa/Libreville', 'Africa/Lome', 'Africa/Luanda', 'Africa/Lubumbashi', 'Africa/Lusaka', 'Africa/Malabo', 'Africa/Maputo', 'Africa/Maseru', 'Africa/Mbabane', 'Africa/Mogadishu', 'Africa/Monrovia', 'Africa/Nairobi', 'Africa/Ndjamena', 'Africa/Niamey', 'Africa/Nouakchott', 'Africa/Ouagadougou', 'Africa/Porto-Novo', 'Africa/Sao_Tome', 'Africa/Tripoli', 'Africa/Tunis', 'Africa/Windhoek', 'America/Adak', 'America/Anchorage', 'America/Anguilla', 'America/Antigua', 'America/Araguaina', 'America/Argentina/Buenos_Aires', 'America/Argentina/Catamarca', 'America/Argentina/Cordoba', 'America/Argentina/Jujuy', 'America/Argentina/La_Rioja', 'America/Argentina/Mendoza', 'America/Argentina/Rio_Gallegos', 'America/Argentina/Salta', 'America/Argentina/San_Juan', 'America/Argentina/San_Luis', 'America/Argentina/Tucuman', 'America/Argentina/Ushuaia', 'America/Aruba', 'America/Asuncion', 'America/Atikokan', 'America/Bahia', 'America/Bahia_Banderas', 'America/Barbados', 'America/Belem', 'America/Belize', 'America/Blanc-Sablon', 'America/Boa_Vista', 'America/Bogota', 'America/Boise', 'America/Cambridge_Bay', 'America/Campo_Grande', 'America/Cancun', 'America/Caracas', 'America/Cayenne', 'America/Cayman', 'America/Chicago', 'America/Chihuahua', 'America/Costa_Rica', 'America/Creston', 'America/Cuiaba', 'America/Curacao', 'America/Danmarkshavn', 'America/Dawson', 'America/Dawson_Creek', 'America/Denver', 'America/Detroit', 'America/Dominica', 'America/Edmonton', 'America/Eirunepe', 'America/El_Salvador', 'America/Fort_Nelson', 'America/Fortaleza', 'America/Glace_Bay', 'America/Goose_Bay', 'America/Grand_Turk', 'America/Grenada', 'America/Guadeloupe', 'America/Guatemala', 'America/Guayaquil', 'America/Guyana', 'America/Halifax', 'America/Havana', 'America/Hermosillo', 'America/Indiana/Indianapolis', 'America/Indiana/Knox', 'America/Indiana/Marengo', 'America/Indiana/Petersburg', 'America/Indiana/Tell_City', 'America/Indiana/Vevay', 'America/Indiana/Vincennes', 'America/Indiana/Winamac', 'America/Inuvik', 'America/Iqaluit', 'America/Jamaica', 'America/Juneau', 'America/Kentucky/Louisville', 'America/Kentucky/Monticello', 'America/Kralendijk', 'America/La_Paz', 'America/Lima', 'America/Los_Angeles', 'America/Lower_Princes', 'America/Maceio', 'America/Managua', 'America/Manaus', 'America/Marigot', 'America/Martinique', 'America/Matamoros', 'America/Mazatlan', 'America/Menominee', 'America/Merida', 'America/Metlakatla', 'America/Mexico_City', 'America/Miquelon', 'America/Moncton', 'America/Monterrey', 'America/Montevideo', 'America/Montserrat', 'America/Nassau', 'America/New_York', 'America/Nipigon', 'America/Nome', 'America/Noronha', 'America/North_Dakota/Beulah', 'America/North_Dakota/Center', 'America/North_Dakota/New_Salem', 'America/Nuuk', 'America/Ojinaga', 'America/Panama', 'America/Pangnirtung', 'America/Paramaribo', 'America/Phoenix', 'America/Port-au-Prince', 'America/Port_of_Spain', 'America/Porto_Velho', 'America/Puerto_Rico', 'America/Punta_Arenas', 'America/Rainy_River', 'America/Rankin_Inlet', 'America/Recife', 'America/Regina', 'America/Resolute', 'America/Rio_Branco', 'America/Santarem', 'America/Santiago', 'America/Santo_Domingo', 'America/Sao_Paulo', 'America/Scoresbysund', 'America/Sitka', 'America/St_Barthelemy', 'America/St_Johns', 'America/St_Kitts', 'America/St_Lucia', 'America/St_Thomas', 'America/St_Vincent', 'America/Swift_Current', 'America/Tegucigalpa', 'America/Thule', 'America/Thunder_Bay', 'America/Tijuana', 'America/Toronto', 'America/Tortola', 'America/Vancouver', 'America/Whitehorse', 'America/Winnipeg', 'America/Yakutat', 'America/Yellowknife', 'Antarctica/Casey', 'Antarctica/Davis', 'Antarctica/DumontDUrville', 'Antarctica/Macquarie', 'Antarctica/Mawson', 'Antarctica/McMurdo', 'Antarctica/Palmer', 'Antarctica/Rothera', 'Antarctica/Syowa', 'Antarctica/Troll', 'Antarctica/Vostok', 'Arctic/Longyearbyen', 'Asia/Aden', 'Asia/Almaty', 'Asia/Amman', 'Asia/Anadyr', 'Asia/Aqtau', 'Asia/Aqtobe', 'Asia/Ashgabat', 'Asia/Atyrau', 'Asia/Baghdad', 'Asia/Bahrain', 'Asia/Baku', 'Asia/Bangkok', 'Asia/Barnaul', 'Asia/Beirut', 'Asia/Bishkek', 'Asia/Brunei', 'Asia/Chita', 'Asia/Choibalsan', 'Asia/Colombo', 'Asia/Damascus', 'Asia/Dhaka', 'Asia/Dili', 'Asia/Dubai', 'Asia/Dushanbe', 'Asia/Famagusta', 'Asia/Gaza', 'Asia/Hebron', 'Asia/Ho_Chi_Minh', 'Asia/Hong_Kong', 'Asia/Hovd', 'Asia/Irkutsk', 'Asia/Jakarta', 'Asia/Jayapura', 'Asia/Jerusalem', 'Asia/Kabul', 'Asia/Kamchatka', 'Asia/Karachi', 'Asia/Kathmandu', 'Asia/Khandyga', 'Asia/Kolkata', 'Asia/Krasnoyarsk', 'Asia/Kuala_Lumpur', 'Asia/Kuching', 'Asia/Kuwait', 'Asia/Macau', 'Asia/Magadan', 'Asia/Makassar', 'Asia/Manila', 'Asia/Muscat', 'Asia/Nicosia', 'Asia/Novokuznetsk', 'Asia/Novosibirsk', 'Asia/Omsk', 'Asia/Oral', 'Asia/Phnom_Penh', 'Asia/Pontianak', 'Asia/Pyongyang', 'Asia/Qatar', 'Asia/Qostanay', 'Asia/Qyzylorda', 'Asia/Riyadh', 'Asia/Sakhalin', 'Asia/Samarkand', 'Asia/Seoul', 'Asia/Shanghai', 'Asia/Singapore', 'Asia/Srednekolymsk', 'Asia/Taipei', 'Asia/Tashkent', 'Asia/Tbilisi', 'Asia/Tehran', 'Asia/Thimphu', 'Asia/Tokyo', 'Asia/Tomsk', 'Asia/Ulaanbaatar', 'Asia/Urumqi', 'Asia/Ust-Nera', 'Asia/Vientiane', 'Asia/Vladivostok', 'Asia/Yakutsk', 'Asia/Yangon', 'Asia/Yekaterinburg', 'Asia/Yerevan', 'Atlantic/Azores', 'Atlantic/Bermuda', 'Atlantic/Canary', 'Atlantic/Cape_Verde', 'Atlantic/Faroe', 'Atlantic/Madeira', 'Atlantic/Reykjavik', 'Atlantic/South_Georgia', 'Atlantic/St_Helena', 'Atlantic/Stanley', 'Australia/Adelaide', 'Australia/Brisbane', 'Australia/Broken_Hill', 'Australia/Darwin', 'Australia/Eucla', 'Australia/Hobart', 'Australia/Lindeman', 'Australia/Lord_Howe', 'Australia/Melbourne', 'Australia/Perth', 'Australia/Sydney', 'Canada/Atlantic', 'Canada/Central', 'Canada/Eastern', 'Canada/Mountain', 'Canada/Newfoundland', 'Canada/Pacific', 'Europe/Amsterdam', 'Europe/Andorra', 'Europe/Astrakhan', 'Europe/Athens', 'Europe/Belgrade', 'Europe/Berlin', 'Europe/Bratislava', 'Europe/Brussels', 'Europe/Bucharest', 'Europe/Budapest', 'Europe/Busingen', 'Europe/Chisinau', 'Europe/Copenhagen', 'Europe/Dublin', 'Europe/Gibraltar', 'Europe/Guernsey', 'Europe/Helsinki', 'Europe/Isle_of_Man', 'Europe/Istanbul', 'Europe/Jersey', 'Europe/Kaliningrad', 'Europe/Kiev', 'Europe/Kirov', 'Europe/Lisbon', 'Europe/Ljubljana', 'Europe/London', 'Europe/Luxembourg', 'Europe/Madrid', 'Europe/Malta', 'Europe/Mariehamn', 'Europe/Minsk', 'Europe/Monaco', 'Europe/Moscow', 'Europe/Oslo', 'Europe/Paris', 'Europe/Podgorica', 'Europe/Prague', 'Europe/Riga', 'Europe/Rome', 'Europe/Samara', 'Europe/San_Marino', 'Europe/Sarajevo', 'Europe/Saratov', 'Europe/Simferopol', 'Europe/Skopje', 'Europe/Sofia', 'Europe/Stockholm', 'Europe/Tallinn', 'Europe/Tirane', 'Europe/Ulyanovsk', 'Europe/Uzhgorod', 'Europe/Vaduz', 'Europe/Vatican', 'Europe/Vienna', 'Europe/Vilnius', 'Europe/Volgograd', 'Europe/Warsaw', 'Europe/Zagreb', 'Europe/Zaporozhye', 'Europe/Zurich', 'GMT', 'Indian/Antananarivo', 'Indian/Chagos', 'Indian/Christmas', 'Indian/Cocos', 'Indian/Comoro', 'Indian/Kerguelen', 'Indian/Mahe', 'Indian/Maldives', 'Indian/Mauritius', 'Indian/Mayotte', 'Indian/Reunion', 'Pacific/Apia', 'Pacific/Auckland', 'Pacific/Bougainville', 'Pacific/Chatham', 'Pacific/Chuuk', 'Pacific/Easter', 'Pacific/Efate', 'Pacific/Enderbury', 'Pacific/Fakaofo', 'Pacific/Fiji', 'Pacific/Funafuti', 'Pacific/Galapagos', 'Pacific/Gambier', 'Pacific/Guadalcanal', 'Pacific/Guam', 'Pacific/Honolulu', 'Pacific/Kiritimati', 'Pacific/Kosrae', 'Pacific/Kwajalein', 'Pacific/Majuro', 'Pacific/Marquesas', 'Pacific/Midway', 'Pacific/Nauru', 'Pacific/Niue', 'Pacific/Norfolk', 'Pacific/Noumea', 'Pacific/Pago_Pago', 'Pacific/Palau', 'Pacific/Pitcairn', 'Pacific/Pohnpei', 'Pacific/Port_Moresby', 'Pacific/Rarotonga', 'Pacific/Saipan', 'Pacific/Tahiti', 'Pacific/Tarawa', 'Pacific/Tongatapu', 'Pacific/Wake', 'Pacific/Wallis', 'US/Alaska', 'US/Arizona', 'US/Central', 'US/Eastern', 'US/Hawaii', 'US/Mountain', 'US/Pacific', 'UTC'], 'LANGUAGES': [('en', ''), ('ru', '')], 'languages': [{'bidi': False, 'code': 'en', 'name': 'English', 'name_local': 'English', 'name_translated': ''}, {'bidi': False, 'code': 'ru', 'name': 'Russian', 'name_local': '', 'name_translated': ''}]}])), <traceback object at 0x7fd5985c9b00>)
Traceback (most recent call last):
  File "/home/ishadow/python-projects/Django-projects/venv/lib/python3.8/site-packages/django/template/base.py", line 829, in _resolve_lookup
    current = current[bit]
  File "/home/ishadow/python-projects/Django-projects/venv/lib/python3.8/site-packages/django/template/context.py", line 83, in __getitem__
    raise KeyError(key)
KeyError: 'TIME_ZONE'

During handling of the above exception, another exception occurred:

Traceback (most recent call last):
  File "/home/ishadow/python-projects/Django-projects/venv/lib/python3.8/site-packages/django/template/base.py", line 835, in _resolve_lookup
    if isinstance(current, BaseContext) and getattr(type(current), bit):
AttributeError: type object 'RequestContext' has no attribute 'TIME_ZONE'

During handling of the above exception, another exception occurred:

Traceback (most recent call last):
  File "/home/ishadow/python-projects/Django-projects/venv/lib/python3.8/site-packages/django/template/base.py", line 843, in _resolve_lookup
    current = current[int(bit)]
ValueError: invalid literal for int() with base 10: 'TIME_ZONE'

During handling of the above exception, another exception occurred:

Traceback (most recent call last):
  File "/home/ishadow/python-projects/Django-projects/venv/lib/python3.8/site-packages/django/core/handlers/exception.py", line 47, in inner
    response = get_response(request)
  File "/home/ishadow/python-projects/Django-projects/venv/lib/python3.8/site-packages/django/core/handlers/base.py", line 204, in _get_response
    response = response.render()
  File "/home/ishadow/python-projects/Django-projects/venv/lib/python3.8/site-packages/django/template/response.py", line 105, in render
    self.content = self.rendered_content
  File "/home/ishadow/python-projects/Django-projects/venv/lib/python3.8/site-packages/django/template/response.py", line 83, in rendered_content
    return template.render(context, self._request)
  File "/home/ishadow/python-projects/Django-projects/venv/lib/python3.8/site-packages/django/template/backends/django.py", line 61, in render
    return self.template.render(context)
  File "/home/ishadow/python-projects/Django-projects/venv/lib/python3.8/site-packages/django/template/base.py", line 170, in render
    return self._render(context)
  File "/home/ishadow/python-projects/Django-projects/venv/lib/python3.8/site-packages/django/template/base.py", line 162, in _render
    return self.nodelist.render(context)
  File "/home/ishadow/python-projects/Django-projects/venv/lib/python3.8/site-packages/django/template/base.py", line 938, in render
    bit = node.render_annotated(context)
  File "/home/ishadow/python-projects/Django-projects/venv/lib/python3.8/site-packages/django/template/base.py", line 905, in render_annotated
    return self.render(context)
  File "/home/ishadow/python-projects/Django-projects/venv/lib/python3.8/site-packages/django/template/loader_tags.py", line 150, in render
    return compiled_parent._render(context)
  File "/home/ishadow/python-projects/Django-projects/venv/lib/python3.8/site-packages/django/template/base.py", line 162, in _render
    return self.nodelist.render(context)
  File "/home/ishadow/python-projects/Django-projects/venv/lib/python3.8/site-packages/django/template/base.py", line 938, in render
    bit = node.render_annotated(context)
  File "/home/ishadow/python-projects/Django-projects/venv/lib/python3.8/site-packages/django/template/base.py", line 905, in render_annotated
    return self.render(context)
  File "/home/ishadow/python-projects/Django-projects/venv/lib/python3.8/site-packages/django/template/loader_tags.py", line 62, in render
    result = block.nodelist.render(context)
  File "/home/ishadow/python-projects/Django-projects/venv/lib/python3.8/site-packages/django/template/base.py", line 938, in render
    bit = node.render_annotated(context)
  File "/home/ishadow/python-projects/Django-projects/venv/lib/python3.8/site-packages/django/template/base.py", line 905, in render_annotated
    return self.render(context)
  File "/home/ishadow/python-projects/Django-projects/venv/lib/python3.8/site-packages/django/template/base.py", line 988, in render
    output = self.filter_expression.resolve(context)
  File "/home/ishadow/python-projects/Django-projects/venv/lib/python3.8/site-packages/django/template/base.py", line 692, in resolve
    arg_vals.append(arg.resolve(context))
  File "/home/ishadow/python-projects/Django-projects/venv/lib/python3.8/site-packages/django/template/base.py", line 796, in resolve
    value = self._resolve_lookup(context)
  File "/home/ishadow/python-projects/Django-projects/venv/lib/python3.8/site-packages/django/template/base.py", line 848, in _resolve_lookup
    raise VariableDoesNotExist("Failed lookup for key "
django.template.base.VariableDoesNotExist: Failed lookup for key [TIME_ZONE] in [{'True': True, 'False': False, 'None': None}, {}, {}, {'object': <User: ishadow>, 'user': <User: ishadow>, 'form': <UserChangeForm bound=False, valid=Unknown, fields=(username;first_name;last_name;email)>, 'view': <users.views.IndexView object at 0x7fd59ce4ff40>, 'is_not_author': False, 'current_time': (datetime.datetime(2021, 8, 6, 8, 39, 55, 988213, tzinfo=<UTC>),), 'timezones': ['Africa/Abidjan', 'Africa/Accra', 'Africa/Addis_Ababa', 'Africa/Algiers', 'Africa/Asmara', 'Africa/Bamako', 'Africa/Bangui', 'Africa/Banjul', 'Africa/Bissau', 'Africa/Blantyre', 'Africa/Brazzaville', 'Africa/Bujumbura', 'Africa/Cairo', 'Africa/Casablanca', 'Africa/Ceuta', 'Africa/Conakry', 'Africa/Dakar', 'Africa/Dar_es_Salaam', 'Africa/Djibouti', 'Africa/Douala', 'Africa/El_Aaiun', 'Africa/Freetown', 'Africa/Gaborone', 'Africa/Harare', 'Africa/Johannesburg', 'Africa/Juba', 'Africa/Kampala', 'Africa/Khartoum', 'Africa/Kigali', 'Africa/Kinshasa', 'Africa/Lagos', 'Africa/Libreville', 'Africa/Lome', 'Africa/Luanda', 'Africa/Lubumbashi', 'Africa/Lusaka', 'Africa/Malabo', 'Africa/Maputo', 'Africa/Maseru', 'Africa/Mbabane', 'Africa/Mogadishu', 'Africa/Monrovia', 'Africa/Nairobi', 'Africa/Ndjamena', 'Africa/Niamey', 'Africa/Nouakchott', 'Africa/Ouagadougou', 'Africa/Porto-Novo', 'Africa/Sao_Tome', 'Africa/Tripoli', 'Africa/Tunis', 'Africa/Windhoek', 'America/Adak', 'America/Anchorage', 'America/Anguilla', 'America/Antigua', 'America/Araguaina', 'America/Argentina/Buenos_Aires', 'America/Argentina/Catamarca', 'America/Argentina/Cordoba', 'America/Argentina/Jujuy', 'America/Argentina/La_Rioja', 'America/Argentina/Mendoza', 'America/Argentina/Rio_Gallegos', 'America/Argentina/Salta', 'America/Argentina/San_Juan', 'America/Argentina/San_Luis', 'America/Argentina/Tucuman', 'America/Argentina/Ushuaia', 'America/Aruba', 'America/Asuncion', 'America/Atikokan', 'America/Bahia', 'America/Bahia_Banderas', 'America/Barbados', 'America/Belem', 'America/Belize', 'America/Blanc-Sablon', 'America/Boa_Vista', 'America/Bogota', 'America/Boise', 'America/Cambridge_Bay', 'America/Campo_Grande', 'America/Cancun', 'America/Caracas', 'America/Cayenne', 'America/Cayman', 'America/Chicago', 'America/Chihuahua', 'America/Costa_Rica', 'America/Creston', 'America/Cuiaba', 'America/Curacao', 'America/Danmarkshavn', 'America/Dawson', 'America/Dawson_Creek', 'America/Denver', 'America/Detroit', 'America/Dominica', 'America/Edmonton', 'America/Eirunepe', 'America/El_Salvador', 'America/Fort_Nelson', 'America/Fortaleza', 'America/Glace_Bay', 'America/Goose_Bay', 'America/Grand_Turk', 'America/Grenada', 'America/Guadeloupe', 'America/Guatemala', 'America/Guayaquil', 'America/Guyana', 'America/Halifax', 'America/Havana', 'America/Hermosillo', 'America/Indiana/Indianapolis', 'America/Indiana/Knox', 'America/Indiana/Marengo', 'America/Indiana/Petersburg', 'America/Indiana/Tell_City', 'America/Indiana/Vevay', 'America/Indiana/Vincennes', 'America/Indiana/Winamac', 'America/Inuvik', 'America/Iqaluit', 'America/Jamaica', 'America/Juneau', 'America/Kentucky/Louisville', 'America/Kentucky/Monticello', 'America/Kralendijk', 'America/La_Paz', 'America/Lima', 'America/Los_Angeles', 'America/Lower_Princes', 'America/Maceio', 'America/Managua', 'America/Manaus', 'America/Marigot', 'America/Martinique', 'America/Matamoros', 'America/Mazatlan', 'America/Menominee', 'America/Merida', 'America/Metlakatla', 'America/Mexico_City', 'America/Miquelon', 'America/Moncton', 'America/Monterrey', 'America/Montevideo', 'America/Montserrat', 'America/Nassau', 'America/New_York', 'America/Nipigon', 'America/Nome', 'America/Noronha', 'America/North_Dakota/Beulah', 'America/North_Dakota/Center', 'America/North_Dakota/New_Salem', 'America/Nuuk', 'America/Ojinaga', 'America/Panama', 'America/Pangnirtung', 'America/Paramaribo', 'America/Phoenix', 'America/Port-au-Prince', 'America/Port_of_Spain', 'America/Porto_Velho', 'America/Puerto_Rico', 'America/Punta_Arenas', 'America/Rainy_River', 'America/Rankin_Inlet', 'America/Recife', 'America/Regina', 'America/Resolute', 'America/Rio_Branco', 'America/Santarem', 'America/Santiago', 'America/Santo_Domingo', 'America/Sao_Paulo', 'America/Scoresbysund', 'America/Sitka', 'America/St_Barthelemy', 'America/St_Johns', 'America/St_Kitts', 'America/St_Lucia', 'America/St_Thomas', 'America/St_Vincent', 'America/Swift_Current', 'America/Tegucigalpa', 'America/Thule', 'America/Thunder_Bay', 'America/Tijuana', 'America/Toronto', 'America/Tortola', 'America/Vancouver', 'America/Whitehorse', 'America/Winnipeg', 'America/Yakutat', 'America/Yellowknife', 'Antarctica/Casey', 'Antarctica/Davis', 'Antarctica/DumontDUrville', 'Antarctica/Macquarie', 'Antarctica/Mawson', 'Antarctica/McMurdo', 'Antarctica/Palmer', 'Antarctica/Rothera', 'Antarctica/Syowa', 'Antarctica/Troll', 'Antarctica/Vostok', 'Arctic/Longyearbyen', 'Asia/Aden', 'Asia/Almaty', 'Asia/Amman', 'Asia/Anadyr', 'Asia/Aqtau', 'Asia/Aqtobe', 'Asia/Ashgabat', 'Asia/Atyrau', 'Asia/Baghdad', 'Asia/Bahrain', 'Asia/Baku', 'Asia/Bangkok', 'Asia/Barnaul', 'Asia/Beirut', 'Asia/Bishkek', 'Asia/Brunei', 'Asia/Chita', 'Asia/Choibalsan', 'Asia/Colombo', 'Asia/Damascus', 'Asia/Dhaka', 'Asia/Dili', 'Asia/Dubai', 'Asia/Dushanbe', 'Asia/Famagusta', 'Asia/Gaza', 'Asia/Hebron', 'Asia/Ho_Chi_Minh', 'Asia/Hong_Kong', 'Asia/Hovd', 'Asia/Irkutsk', 'Asia/Jakarta', 'Asia/Jayapura', 'Asia/Jerusalem', 'Asia/Kabul', 'Asia/Kamchatka', 'Asia/Karachi', 'Asia/Kathmandu', 'Asia/Khandyga', 'Asia/Kolkata', 'Asia/Krasnoyarsk', 'Asia/Kuala_Lumpur', 'Asia/Kuching', 'Asia/Kuwait', 'Asia/Macau', 'Asia/Magadan', 'Asia/Makassar', 'Asia/Manila', 'Asia/Muscat', 'Asia/Nicosia', 'Asia/Novokuznetsk', 'Asia/Novosibirsk', 'Asia/Omsk', 'Asia/Oral', 'Asia/Phnom_Penh', 'Asia/Pontianak', 'Asia/Pyongyang', 'Asia/Qatar', 'Asia/Qostanay', 'Asia/Qyzylorda', 'Asia/Riyadh', 'Asia/Sakhalin', 'Asia/Samarkand', 'Asia/Seoul', 'Asia/Shanghai', 'Asia/Singapore', 'Asia/Srednekolymsk', 'Asia/Taipei', 'Asia/Tashkent', 'Asia/Tbilisi', 'Asia/Tehran', 'Asia/Thimphu', 'Asia/Tokyo', 'Asia/Tomsk', 'Asia/Ulaanbaatar', 'Asia/Urumqi', 'Asia/Ust-Nera', 'Asia/Vientiane', 'Asia/Vladivostok', 'Asia/Yakutsk', 'Asia/Yangon', 'Asia/Yekaterinburg', 'Asia/Yerevan', 'Atlantic/Azores', 'Atlantic/Bermuda', 'Atlantic/Canary', 'Atlantic/Cape_Verde', 'Atlantic/Faroe', 'Atlantic/Madeira', 'Atlantic/Reykjavik', 'Atlantic/South_Georgia', 'Atlantic/St_Helena', 'Atlantic/Stanley', 'Australia/Adelaide', 'Australia/Brisbane', 'Australia/Broken_Hill', 'Australia/Darwin', 'Australia/Eucla', 'Australia/Hobart', 'Australia/Lindeman', 'Australia/Lord_Howe', 'Australia/Melbourne', 'Australia/Perth', 'Australia/Sydney', 'Canada/Atlantic', 'Canada/Central', 'Canada/Eastern', 'Canada/Mountain', 'Canada/Newfoundland', 'Canada/Pacific', 'Europe/Amsterdam', 'Europe/Andorra', 'Europe/Astrakhan', 'Europe/Athens', 'Europe/Belgrade', 'Europe/Berlin', 'Europe/Bratislava', 'Europe/Brussels', 'Europe/Bucharest', 'Europe/Budapest', 'Europe/Busingen', 'Europe/Chisinau', 'Europe/Copenhagen', 'Europe/Dublin', 'Europe/Gibraltar', 'Europe/Guernsey', 'Europe/Helsinki', 'Europe/Isle_of_Man', 'Europe/Istanbul', 'Europe/Jersey', 'Europe/Kaliningrad', 'Europe/Kiev', 'Europe/Kirov', 'Europe/Lisbon', 'Europe/Ljubljana', 'Europe/London', 'Europe/Luxembourg', 'Europe/Madrid', 'Europe/Malta', 'Europe/Mariehamn', 'Europe/Minsk', 'Europe/Monaco', 'Europe/Moscow', 'Europe/Oslo', 'Europe/Paris', 'Europe/Podgorica', 'Europe/Prague', 'Europe/Riga', 'Europe/Rome', 'Europe/Samara', 'Europe/San_Marino', 'Europe/Sarajevo', 'Europe/Saratov', 'Europe/Simferopol', 'Europe/Skopje', 'Europe/Sofia', 'Europe/Stockholm', 'Europe/Tallinn', 'Europe/Tirane', 'Europe/Ulyanovsk', 'Europe/Uzhgorod', 'Europe/Vaduz', 'Europe/Vatican', 'Europe/Vienna', 'Europe/Vilnius', 'Europe/Volgograd', 'Europe/Warsaw', 'Europe/Zagreb', 'Europe/Zaporozhye', 'Europe/Zurich', 'GMT', 'Indian/Antananarivo', 'Indian/Chagos', 'Indian/Christmas', 'Indian/Cocos', 'Indian/Comoro', 'Indian/Kerguelen', 'Indian/Mahe', 'Indian/Maldives', 'Indian/Mauritius', 'Indian/Mayotte', 'Indian/Reunion', 'Pacific/Apia', 'Pacific/Auckland', 'Pacific/Bougainville', 'Pacific/Chatham', 'Pacific/Chuuk', 'Pacific/Easter', 'Pacific/Efate', 'Pacific/Enderbury', 'Pacific/Fakaofo', 'Pacific/Fiji', 'Pacific/Funafuti', 'Pacific/Galapagos', 'Pacific/Gambier', 'Pacific/Guadalcanal', 'Pacific/Guam', 'Pacific/Honolulu', 'Pacific/Kiritimati', 'Pacific/Kosrae', 'Pacific/Kwajalein', 'Pacific/Majuro', 'Pacific/Marquesas', 'Pacific/Midway', 'Pacific/Nauru', 'Pacific/Niue', 'Pacific/Norfolk', 'Pacific/Noumea', 'Pacific/Pago_Pago', 'Pacific/Palau', 'Pacific/Pitcairn', 'Pacific/Pohnpei', 'Pacific/Port_Moresby', 'Pacific/Rarotonga', 'Pacific/Saipan', 'Pacific/Tahiti', 'Pacific/Tarawa', 'Pacific/Tongatapu', 'Pacific/Wake', 'Pacific/Wallis', 'US/Alaska', 'US/Arizona', 'US/Central', 'US/Eastern', 'US/Hawaii', 'US/Mountain', 'US/Pacific', 'UTC'], 'LANGUAGES': [('en', ''), ('ru', '')], 'languages': [{'bidi': False, 'code': 'en', 'name': 'English', 'name_local': 'English', 'name_translated': ''}, {'bidi': False, 'code': 'ru', 'name': 'Russian', 'name_local': '', 'name_translated': ''}]}]
2021-08-06 08:39:56,813 ERROR "GET /users/ HTTP/1.1" 500 371865 /home/ishadow/python-projects/Django-projects/venv/lib/python3.8/site-packages/django/core/servers/basehttp.py None
